---------------------------------------------------------------
[ 2022-07-17T00:48:40+08:00 ] 198.235.24.27 GET ywscs.com/
[运行时间：0.018607s] [吞吐率：53.74req/s] [内存消耗：2,067.88kb] [文件加载：67]
[ info ] [ BEHAVIOR ] Run Closure @app_init [ RunTime:0.000017s ]
[ info ] [ LANG ] /www/wwwroot/ywscs.com/thinkphp/lang/zh-cn.php
[ info ] [ ROUTE ] array (
  'type' => 'module',
  'module' => 
  array (
    0 => '',
    1 => NULL,
    2 => NULL,
  ),
)
[ info ] [ HEADER ] array (
  'user-agent' => 'Expanse, a Palo Alto Networks company, searches across the global IPv4 space multiple times per day to identify customers&#39; presences on the Internet. If you would like to be excluded from our scans, please send IP addresses/domains to: scaninfo@paloaltonetworks.com',
  'host' => 'ywscs.com',
  'content-type' => '',
  'content-length' => '',
)
[ info ] [ PARAM ] array (
)
[ info ] [ SESSION ] INIT array (
  'id' => '',
  'var_session_id' => '',
  'prefix' => 'think',
  'type' => '',
  'auto_start' => true,
)
[ info ] [ LOG ] INIT File
---------------------------------------------------------------
[ 2022-07-17T00:57:56+08:00 ] 154.89.5.123 GET 114.116.100.177:443/
[运行时间：0.017339s] [吞吐率：57.67req/s] [内存消耗：2,066.52kb] [文件加载：67]
[ info ] [ BEHAVIOR ] Run Closure @app_init [ RunTime:0.000018s ]
[ info ] [ LANG ] /www/wwwroot/ywscs.com/thinkphp/lang/zh-cn.php
[ info ] [ ROUTE ] array (
  'type' => 'module',
  'module' => 
  array (
    0 => '',
    1 => NULL,
    2 => NULL,
  ),
)
[ info ] [ HEADER ] array (
  'accept' => '*/*',
  'host' => '114.116.100.177:443',
  'content-type' => '',
  'content-length' => '',
)
[ info ] [ PARAM ] array (
)
[ info ] [ SESSION ] INIT array (
  'id' => '',
  'var_session_id' => '',
  'prefix' => 'think',
  'type' => '',
  'auto_start' => true,
)
[ info ] [ LOG ] INIT File
---------------------------------------------------------------
[ 2022-07-17T01:35:14+08:00 ] 39.103.221.253 GET 114.116.100.177/
[运行时间：0.016921s] [吞吐率：59.10req/s] [内存消耗：2,066.30kb] [文件加载：67]
[ info ] [ BEHAVIOR ] Run Closure @app_init [ RunTime:0.000017s ]
[ info ] [ LANG ] /www/wwwroot/ywscs.com/thinkphp/lang/zh-cn.php
[ info ] [ ROUTE ] array (
  'type' => 'module',
  'module' => 
  array (
    0 => '',
    1 => NULL,
    2 => NULL,
  ),
)
[ info ] [ HEADER ] array (
  'host' => '114.116.100.177',
  'content-type' => '',
  'content-length' => '',
)
[ info ] [ PARAM ] array (
)
[ info ] [ SESSION ] INIT array (
  'id' => '',
  'var_session_id' => '',
  'prefix' => 'think',
  'type' => '',
  'auto_start' => true,
)
[ info ] [ LOG ] INIT File
---------------------------------------------------------------
[ 2022-07-17T01:35:18+08:00 ] 39.103.221.253 GET 114.116.100.177/
[运行时间：0.017261s] [吞吐率：57.93req/s] [内存消耗：2,070.38kb] [文件加载：67]
[ info ] [ BEHAVIOR ] Run Closure @app_init [ RunTime:0.000018s ]
[ info ] [ LANG ] /www/wwwroot/ywscs.com/thinkphp/lang/zh-cn.php
[ info ] [ ROUTE ] array (
  'type' => 'module',
  'module' => 
  array (
    0 => '',
    1 => NULL,
    2 => NULL,
  ),
)
[ info ] [ HEADER ] array (
  'connection' => 'close',
  'accept-language' => 'zh-CN,zh;q=0.9',
  'accept-encoding' => 'gzip, deflate',
  'accept' => 'text/html,application/xhtml+xml,application/xml;q=0.9,image/webp,image/apng,*/*;q=0.8,application/signed-exchange;v=b3',
  'host' => '114.116.100.177',
  'user-agent' => 'Mozilla/5.0 (Macintosh; Intel Mac OS X 10_14_6) AppleWebKit/537.36 (KHTML, like Gecko) Chrome/76.0.3809.132 Safari/537.36',
  'content-type' => '',
  'content-length' => '',
)
[ info ] [ PARAM ] array (
)
[ info ] [ SESSION ] INIT array (
  'id' => '',
  'var_session_id' => '',
  'prefix' => 'think',
  'type' => '',
  'auto_start' => true,
)
[ info ] [ LOG ] INIT File
---------------------------------------------------------------
[ 2022-07-17T01:35:25+08:00 ] 39.103.221.253 GET 114.116.100.177/sitemap.xml
[运行时间：0.018770s] [吞吐率：53.28req/s] [内存消耗：1,699.92kb] [文件加载：58]
[ info ] [ BEHAVIOR ] Run Closure @app_init [ RunTime:0.000017s ]
[ info ] [ LANG ] /www/wwwroot/ywscs.com/thinkphp/lang/zh-cn.php
[ info ] [ ROUTE ] array (
  'type' => 'module',
  'module' => 
  array (
    0 => 'sitemap.xml',
    1 => NULL,
    2 => NULL,
  ),
)
[ info ] [ HEADER ] array (
  'host' => '114.116.100.177',
  'user-agent' => 'fasthttp',
  'content-type' => '',
  'content-length' => '',
)
[ info ] [ PARAM ] array (
)
[ info ] [ LOG ] INIT File
---------------------------------------------------------------
[ 2022-07-17T01:35:25+08:00 ] 39.103.221.253 GET 114.116.100.177/robots.txt
[运行时间：0.030839s] [吞吐率：32.43req/s] [内存消耗：1,699.92kb] [文件加载：58]
[ info ] [ BEHAVIOR ] Run Closure @app_init [ RunTime:0.000017s ]
[ info ] [ LANG ] /www/wwwroot/ywscs.com/thinkphp/lang/zh-cn.php
[ info ] [ ROUTE ] array (
  'type' => 'module',
  'module' => 
  array (
    0 => 'robots.txt',
    1 => NULL,
    2 => NULL,
  ),
)
[ info ] [ HEADER ] array (
  'host' => '114.116.100.177',
  'user-agent' => 'fasthttp',
  'content-type' => '',
  'content-length' => '',
)
[ info ] [ PARAM ] array (
)
[ info ] [ LOG ] INIT File
---------------------------------------------------------------
[ 2022-07-17T01:36:05+08:00 ] 39.103.221.253 GET 114.116.100.177/admin/login/index.html
[运行时间：0.023407s] [吞吐率：42.72req/s] [内存消耗：2,861.98kb] [文件加载：74]
[ info ] [ BEHAVIOR ] Run Closure @app_init [ RunTime:0.000016s ]
[ info ] [ LANG ] /www/wwwroot/ywscs.com/thinkphp/lang/zh-cn.php
[ info ] [ ROUTE ] array (
  'type' => 'module',
  'module' => 
  array (
    0 => 'admin',
    1 => 'login',
    2 => 'index',
  ),
)
[ info ] [ HEADER ] array (
  'connection' => 'close',
  'cookie' => 'PHPSESSID=jt4gspo3ciondvtstgrdf7526q',
  'accept-language' => 'zh-CN,zh;q=0.9',
  'accept-encoding' => 'gzip, deflate',
  'accept' => 'text/html,application/xhtml+xml,application/xml;q=0.9,image/webp,image/apng,*/*;q=0.8,application/signed-exchange;v=b3',
  'host' => '114.116.100.177',
  'user-agent' => 'Mozilla/5.0 (Macintosh; Intel Mac OS X 10_14_6) AppleWebKit/537.36 (KHTML, like Gecko) Chrome/76.0.3809.132 Safari/537.36',
  'content-type' => '',
  'content-length' => '',
)
[ info ] [ PARAM ] array (
)
[ info ] [ CACHE ] INIT File
[ info ] [ BEHAVIOR ] Run Closure @action_begin [ RunTime:0.000787s ]
[ info ] [ RUN ] app\admin\controller\Login->index[ /www/wwwroot/ywscs.com/application/admin/controller/Login.php ]
[ info ] [ DB ] INIT mysql
[ info ] [ VIEW ] /www/wwwroot/ywscs.com/public/../application/admin/view/login/index.html [ array (
  0 => 'webconfig',
) ]
[ info ] [ LOG ] INIT File
[ sql ] [ DB ] CONNECT:[ UseTime:0.000196s ] mysql:host=localhost;port=3306;dbname=ywscs_com;charset=utf8
[ sql ] [ SQL ] SHOW COLUMNS FROM `sp_config` [ RunTime:0.000584s ]
[ sql ] [ SQL ] SELECT `ename`,`value` FROM `sp_config` WHERE  `ca_id` IN (1,2,4,5,10,15) [ RunTime:0.000204s ]
---------------------------------------------------------------
[ 2022-07-17T01:36:16+08:00 ] 39.103.221.253 GET 114.116.100.177/favicon.ico
[运行时间：0.015303s] [吞吐率：65.35req/s] [内存消耗：1,699.92kb] [文件加载：58]
[ info ] [ BEHAVIOR ] Run Closure @app_init [ RunTime:0.000018s ]
[ info ] [ LANG ] /www/wwwroot/ywscs.com/thinkphp/lang/zh-cn.php
[ info ] [ ROUTE ] array (
  'type' => 'module',
  'module' => 
  array (
    0 => 'favicon.ico',
    1 => NULL,
    2 => NULL,
  ),
)
[ info ] [ HEADER ] array (
  'host' => '114.116.100.177',
  'user-agent' => 'fasthttp',
  'content-type' => '',
  'content-length' => '',
)
[ info ] [ PARAM ] array (
)
[ info ] [ LOG ] INIT File
---------------------------------------------------------------
[ 2022-07-17T01:36:23+08:00 ] 39.103.221.253 GET 114.116.100.177/robots.txt
[运行时间：0.019890s] [吞吐率：50.28req/s] [内存消耗：1,699.92kb] [文件加载：58]
[ info ] [ BEHAVIOR ] Run Closure @app_init [ RunTime:0.000019s ]
[ info ] [ LANG ] /www/wwwroot/ywscs.com/thinkphp/lang/zh-cn.php
[ info ] [ ROUTE ] array (
  'type' => 'module',
  'module' => 
  array (
    0 => 'robots.txt',
    1 => NULL,
    2 => NULL,
  ),
)
[ info ] [ HEADER ] array (
  'host' => '114.116.100.177',
  'user-agent' => 'fasthttp',
  'content-type' => '',
  'content-length' => '',
)
[ info ] [ PARAM ] array (
)
[ info ] [ LOG ] INIT File
---------------------------------------------------------------
[ 2022-07-17T01:36:23+08:00 ] 39.103.221.253 GET 114.116.100.177/sitemap.xml
[运行时间：0.031991s] [吞吐率：31.26req/s] [内存消耗：1,699.92kb] [文件加载：58]
[ info ] [ BEHAVIOR ] Run Closure @app_init [ RunTime:0.000019s ]
[ info ] [ LANG ] /www/wwwroot/ywscs.com/thinkphp/lang/zh-cn.php
[ info ] [ ROUTE ] array (
  'type' => 'module',
  'module' => 
  array (
    0 => 'sitemap.xml',
    1 => NULL,
    2 => NULL,
  ),
)
[ info ] [ HEADER ] array (
  'host' => '114.116.100.177',
  'user-agent' => 'fasthttp',
  'content-type' => '',
  'content-length' => '',
)
[ info ] [ PARAM ] array (
)
[ info ] [ LOG ] INIT File
---------------------------------------------------------------
[ 2022-07-17T03:22:35+08:00 ] 47.243.233.244 GET 114.116.100.177/dns-query?dns=q80BAAABAAAAAAAAA3d3dwdleGFtcGxlA2NvbQAAAQAB
[运行时间：0.015855s] [吞吐率：63.07req/s] [内存消耗：1,701.32kb] [文件加载：58]
[ info ] [ BEHAVIOR ] Run Closure @app_init [ RunTime:0.000017s ]
[ info ] [ LANG ] /www/wwwroot/ywscs.com/thinkphp/lang/zh-cn.php
[ info ] [ ROUTE ] array (
  'type' => 'module',
  'module' => 
  array (
    0 => 'dns-query',
    1 => NULL,
    2 => NULL,
  ),
)
[ info ] [ HEADER ] array (
  'accept-encoding' => 'gzip',
  'content-type' => 'application/dns-message',
  'user-agent' => 'Go-http-client/1.1',
  'host' => '114.116.100.177',
  'content-length' => '',
)
[ info ] [ PARAM ] array (
  'dns' => 'q80BAAABAAAAAAAAA3d3dwdleGFtcGxlA2NvbQAAAQAB',
)
[ info ] [ LOG ] INIT File
---------------------------------------------------------------
[ 2022-07-17T03:22:35+08:00 ] 47.243.233.244 GET 114.116.100.177/dns-query?dns=q80BAAABAAAAAAAAA3d3dwdleGFtcGxlA2NvbQAAAQAB
[运行时间：0.015028s] [吞吐率：66.54req/s] [内存消耗：1,701.32kb] [文件加载：58]
[ info ] [ BEHAVIOR ] Run Closure @app_init [ RunTime:0.000016s ]
[ info ] [ LANG ] /www/wwwroot/ywscs.com/thinkphp/lang/zh-cn.php
[ info ] [ ROUTE ] array (
  'type' => 'module',
  'module' => 
  array (
    0 => 'dns-query',
    1 => NULL,
    2 => NULL,
  ),
)
[ info ] [ HEADER ] array (
  'accept-encoding' => 'gzip',
  'content-type' => 'application/dns-message',
  'user-agent' => 'Go-http-client/1.1',
  'host' => '114.116.100.177',
  'content-length' => '',
)
[ info ] [ PARAM ] array (
  'dns' => 'q80BAAABAAAAAAAAA3d3dwdleGFtcGxlA2NvbQAAAQAB',
)
[ info ] [ LOG ] INIT File
---------------------------------------------------------------
[ 2022-07-17T03:22:36+08:00 ] 47.243.233.244 POST 114.116.100.177/dns-query
[运行时间：0.015223s] [吞吐率：65.69req/s] [内存消耗：1,700.01kb] [文件加载：58]
[ info ] [ BEHAVIOR ] Run Closure @app_init [ RunTime:0.000017s ]
[ info ] [ LANG ] /www/wwwroot/ywscs.com/thinkphp/lang/zh-cn.php
[ info ] [ ROUTE ] array (
  'type' => 'module',
  'module' => 
  array (
    0 => 'dns-query',
    1 => NULL,
    2 => NULL,
  ),
)
[ info ] [ HEADER ] array (
  'accept-encoding' => 'gzip',
  'content-type' => 'application/dns-message',
  'content-length' => '29',
  'user-agent' => 'Go-http-client/1.1',
  'host' => '114.116.100.177',
)
[ info ] [ PARAM ] array (
)
[ info ] [ LOG ] INIT File
---------------------------------------------------------------
[ 2022-07-17T03:22:37+08:00 ] 47.243.233.244 POST 114.116.100.177/dns-query
[运行时间：0.015892s] [吞吐率：62.92req/s] [内存消耗：1,700.01kb] [文件加载：58]
[ info ] [ BEHAVIOR ] Run Closure @app_init [ RunTime:0.000019s ]
[ info ] [ LANG ] /www/wwwroot/ywscs.com/thinkphp/lang/zh-cn.php
[ info ] [ ROUTE ] array (
  'type' => 'module',
  'module' => 
  array (
    0 => 'dns-query',
    1 => NULL,
    2 => NULL,
  ),
)
[ info ] [ HEADER ] array (
  'accept-encoding' => 'gzip',
  'content-type' => 'application/dns-message',
  'content-length' => '29',
  'user-agent' => 'Go-http-client/1.1',
  'host' => '114.116.100.177',
)
[ info ] [ PARAM ] array (
)
[ info ] [ LOG ] INIT File
---------------------------------------------------------------
[ 2022-07-17T03:22:37+08:00 ] 47.243.233.244 GET 114.116.100.177/query?dns=q80BAAABAAAAAAAAA3d3dwdleGFtcGxlA2NvbQAAAQAB
[运行时间：0.015486s] [吞吐率：64.57req/s] [内存消耗：1,701.28kb] [文件加载：58]
[ info ] [ BEHAVIOR ] Run Closure @app_init [ RunTime:0.000017s ]
[ info ] [ LANG ] /www/wwwroot/ywscs.com/thinkphp/lang/zh-cn.php
[ info ] [ ROUTE ] array (
  'type' => 'module',
  'module' => 
  array (
    0 => 'query',
    1 => NULL,
    2 => NULL,
  ),
)
[ info ] [ HEADER ] array (
  'accept-encoding' => 'gzip',
  'content-type' => 'application/dns-message',
  'user-agent' => 'Go-http-client/1.1',
  'host' => '114.116.100.177',
  'content-length' => '',
)
[ info ] [ PARAM ] array (
  'dns' => 'q80BAAABAAAAAAAAA3d3dwdleGFtcGxlA2NvbQAAAQAB',
)
[ info ] [ LOG ] INIT File
---------------------------------------------------------------
[ 2022-07-17T03:22:38+08:00 ] 47.243.233.244 GET 114.116.100.177/query?dns=q80BAAABAAAAAAAAA3d3dwdleGFtcGxlA2NvbQAAAQAB
[运行时间：0.016717s] [吞吐率：59.82req/s] [内存消耗：1,701.28kb] [文件加载：58]
[ info ] [ BEHAVIOR ] Run Closure @app_init [ RunTime:0.000027s ]
[ info ] [ LANG ] /www/wwwroot/ywscs.com/thinkphp/lang/zh-cn.php
[ info ] [ ROUTE ] array (
  'type' => 'module',
  'module' => 
  array (
    0 => 'query',
    1 => NULL,
    2 => NULL,
  ),
)
[ info ] [ HEADER ] array (
  'accept-encoding' => 'gzip',
  'content-type' => 'application/dns-message',
  'user-agent' => 'Go-http-client/1.1',
  'host' => '114.116.100.177',
  'content-length' => '',
)
[ info ] [ PARAM ] array (
  'dns' => 'q80BAAABAAAAAAAAA3d3dwdleGFtcGxlA2NvbQAAAQAB',
)
[ info ] [ LOG ] INIT File
---------------------------------------------------------------
[ 2022-07-17T03:22:38+08:00 ] 47.243.233.244 POST 114.116.100.177/query
[运行时间：0.015573s] [吞吐率：64.21req/s] [内存消耗：1,699.98kb] [文件加载：58]
[ info ] [ BEHAVIOR ] Run Closure @app_init [ RunTime:0.000017s ]
[ info ] [ LANG ] /www/wwwroot/ywscs.com/thinkphp/lang/zh-cn.php
[ info ] [ ROUTE ] array (
  'type' => 'module',
  'module' => 
  array (
    0 => 'query',
    1 => NULL,
    2 => NULL,
  ),
)
[ info ] [ HEADER ] array (
  'accept-encoding' => 'gzip',
  'content-type' => 'application/dns-message',
  'content-length' => '29',
  'user-agent' => 'Go-http-client/1.1',
  'host' => '114.116.100.177',
)
[ info ] [ PARAM ] array (
)
[ info ] [ LOG ] INIT File
---------------------------------------------------------------
[ 2022-07-17T03:22:38+08:00 ] 47.243.233.244 POST 114.116.100.177/query
[运行时间：0.014796s] [吞吐率：67.59req/s] [内存消耗：1,699.98kb] [文件加载：58]
[ info ] [ BEHAVIOR ] Run Closure @app_init [ RunTime:0.000017s ]
[ info ] [ LANG ] /www/wwwroot/ywscs.com/thinkphp/lang/zh-cn.php
[ info ] [ ROUTE ] array (
  'type' => 'module',
  'module' => 
  array (
    0 => 'query',
    1 => NULL,
    2 => NULL,
  ),
)
[ info ] [ HEADER ] array (
  'accept-encoding' => 'gzip',
  'content-type' => 'application/dns-message',
  'content-length' => '29',
  'user-agent' => 'Go-http-client/1.1',
  'host' => '114.116.100.177',
)
[ info ] [ PARAM ] array (
)
[ info ] [ LOG ] INIT File
---------------------------------------------------------------
[ 2022-07-17T03:22:38+08:00 ] 47.243.233.244 GET 114.116.100.177/resolve?dns=q80BAAABAAAAAAAAA3d3dwdleGFtcGxlA2NvbQAAAQAB
[运行时间：0.015215s] [吞吐率：65.72req/s] [内存消耗：1,701.31kb] [文件加载：58]
[ info ] [ BEHAVIOR ] Run Closure @app_init [ RunTime:0.000017s ]
[ info ] [ LANG ] /www/wwwroot/ywscs.com/thinkphp/lang/zh-cn.php
[ info ] [ ROUTE ] array (
  'type' => 'module',
  'module' => 
  array (
    0 => 'resolve',
    1 => NULL,
    2 => NULL,
  ),
)
[ info ] [ HEADER ] array (
  'accept-encoding' => 'gzip',
  'content-type' => 'application/dns-message',
  'user-agent' => 'Go-http-client/1.1',
  'host' => '114.116.100.177',
  'content-length' => '',
)
[ info ] [ PARAM ] array (
  'dns' => 'q80BAAABAAAAAAAAA3d3dwdleGFtcGxlA2NvbQAAAQAB',
)
[ info ] [ LOG ] INIT File
---------------------------------------------------------------
[ 2022-07-17T03:22:39+08:00 ] 47.243.233.244 GET 114.116.100.177/resolve?dns=q80BAAABAAAAAAAAA3d3dwdleGFtcGxlA2NvbQAAAQAB
[运行时间：0.015237s] [吞吐率：65.63req/s] [内存消耗：1,701.31kb] [文件加载：58]
[ info ] [ BEHAVIOR ] Run Closure @app_init [ RunTime:0.000026s ]
[ info ] [ LANG ] /www/wwwroot/ywscs.com/thinkphp/lang/zh-cn.php
[ info ] [ ROUTE ] array (
  'type' => 'module',
  'module' => 
  array (
    0 => 'resolve',
    1 => NULL,
    2 => NULL,
  ),
)
[ info ] [ HEADER ] array (
  'accept-encoding' => 'gzip',
  'content-type' => 'application/dns-message',
  'user-agent' => 'Go-http-client/1.1',
  'host' => '114.116.100.177',
  'content-length' => '',
)
[ info ] [ PARAM ] array (
  'dns' => 'q80BAAABAAAAAAAAA3d3dwdleGFtcGxlA2NvbQAAAQAB',
)
[ info ] [ LOG ] INIT File
---------------------------------------------------------------
[ 2022-07-17T03:22:39+08:00 ] 47.243.233.244 POST 114.116.100.177/resolve
[运行时间：0.016401s] [吞吐率：60.97req/s] [内存消耗：1,700.00kb] [文件加载：58]
[ info ] [ BEHAVIOR ] Run Closure @app_init [ RunTime:0.000017s ]
[ info ] [ LANG ] /www/wwwroot/ywscs.com/thinkphp/lang/zh-cn.php
[ info ] [ ROUTE ] array (
  'type' => 'module',
  'module' => 
  array (
    0 => 'resolve',
    1 => NULL,
    2 => NULL,
  ),
)
[ info ] [ HEADER ] array (
  'accept-encoding' => 'gzip',
  'content-type' => 'application/dns-message',
  'content-length' => '29',
  'user-agent' => 'Go-http-client/1.1',
  'host' => '114.116.100.177',
)
[ info ] [ PARAM ] array (
)
[ info ] [ LOG ] INIT File
---------------------------------------------------------------
[ 2022-07-17T03:22:39+08:00 ] 47.243.233.244 POST 114.116.100.177/resolve
[运行时间：0.015286s] [吞吐率：65.42req/s] [内存消耗：1,700.00kb] [文件加载：58]
[ info ] [ BEHAVIOR ] Run Closure @app_init [ RunTime:0.000026s ]
[ info ] [ LANG ] /www/wwwroot/ywscs.com/thinkphp/lang/zh-cn.php
[ info ] [ ROUTE ] array (
  'type' => 'module',
  'module' => 
  array (
    0 => 'resolve',
    1 => NULL,
    2 => NULL,
  ),
)
[ info ] [ HEADER ] array (
  'accept-encoding' => 'gzip',
  'content-type' => 'application/dns-message',
  'content-length' => '29',
  'user-agent' => 'Go-http-client/1.1',
  'host' => '114.116.100.177',
)
[ info ] [ PARAM ] array (
)
[ info ] [ LOG ] INIT File
---------------------------------------------------------------
[ 2022-07-17T03:22:40+08:00 ] 47.243.233.244 GET 114.116.100.177/?dns=q80BAAABAAAAAAAAA3d3dwdleGFtcGxlA2NvbQAAAQAB
[运行时间：0.017644s] [吞吐率：56.68req/s] [内存消耗：2,068.27kb] [文件加载：67]
[ info ] [ BEHAVIOR ] Run Closure @app_init [ RunTime:0.000016s ]
[ info ] [ LANG ] /www/wwwroot/ywscs.com/thinkphp/lang/zh-cn.php
[ info ] [ ROUTE ] array (
  'type' => 'module',
  'module' => 
  array (
    0 => '',
    1 => NULL,
    2 => NULL,
  ),
)
[ info ] [ HEADER ] array (
  'accept-encoding' => 'gzip',
  'content-type' => 'application/dns-message',
  'user-agent' => 'Go-http-client/1.1',
  'host' => '114.116.100.177',
  'content-length' => '',
)
[ info ] [ PARAM ] array (
  'dns' => 'q80BAAABAAAAAAAAA3d3dwdleGFtcGxlA2NvbQAAAQAB',
)
[ info ] [ SESSION ] INIT array (
  'id' => '',
  'var_session_id' => '',
  'prefix' => 'think',
  'type' => '',
  'auto_start' => true,
)
[ info ] [ LOG ] INIT File
---------------------------------------------------------------
[ 2022-07-17T03:22:40+08:00 ] 47.243.233.244 GET 114.116.100.177/admin/login/index.html
[运行时间：0.023827s] [吞吐率：41.97req/s] [内存消耗：2,857.66kb] [文件加载：74]
[ info ] [ BEHAVIOR ] Run Closure @app_init [ RunTime:0.000016s ]
[ info ] [ LANG ] /www/wwwroot/ywscs.com/thinkphp/lang/zh-cn.php
[ info ] [ ROUTE ] array (
  'type' => 'module',
  'module' => 
  array (
    0 => 'admin',
    1 => 'login',
    2 => 'index',
  ),
)
[ info ] [ HEADER ] array (
  'accept-encoding' => 'gzip',
  'referer' => 'https://114.116.100.177/?dns=q80BAAABAAAAAAAAA3d3dwdleGFtcGxlA2NvbQAAAQAB',
  'content-type' => 'application/dns-message',
  'user-agent' => 'Go-http-client/1.1',
  'host' => '114.116.100.177',
  'content-length' => '',
)
[ info ] [ PARAM ] array (
)
[ info ] [ CACHE ] INIT File
[ info ] [ BEHAVIOR ] Run Closure @action_begin [ RunTime:0.000777s ]
[ info ] [ RUN ] app\admin\controller\Login->index[ /www/wwwroot/ywscs.com/application/admin/controller/Login.php ]
[ info ] [ DB ] INIT mysql
[ info ] [ VIEW ] /www/wwwroot/ywscs.com/public/../application/admin/view/login/index.html [ array (
  0 => 'webconfig',
) ]
[ info ] [ LOG ] INIT File
[ sql ] [ DB ] CONNECT:[ UseTime:0.000237s ] mysql:host=localhost;port=3306;dbname=ywscs_com;charset=utf8
[ sql ] [ SQL ] SHOW COLUMNS FROM `sp_config` [ RunTime:0.000584s ]
[ sql ] [ SQL ] SELECT `ename`,`value` FROM `sp_config` WHERE  `ca_id` IN (1,2,4,5,10,15) [ RunTime:0.000230s ]
---------------------------------------------------------------
[ 2022-07-17T03:22:40+08:00 ] 47.243.233.244 GET 114.116.100.177/?dns=q80BAAABAAAAAAAAA3d3dwdleGFtcGxlA2NvbQAAAQAB
[运行时间：0.017550s] [吞吐率：56.98req/s] [内存消耗：2,068.27kb] [文件加载：67]
[ info ] [ BEHAVIOR ] Run Closure @app_init [ RunTime:0.000017s ]
[ info ] [ LANG ] /www/wwwroot/ywscs.com/thinkphp/lang/zh-cn.php
[ info ] [ ROUTE ] array (
  'type' => 'module',
  'module' => 
  array (
    0 => '',
    1 => NULL,
    2 => NULL,
  ),
)
[ info ] [ HEADER ] array (
  'accept-encoding' => 'gzip',
  'content-type' => 'application/dns-message',
  'user-agent' => 'Go-http-client/1.1',
  'host' => '114.116.100.177',
  'content-length' => '',
)
[ info ] [ PARAM ] array (
  'dns' => 'q80BAAABAAAAAAAAA3d3dwdleGFtcGxlA2NvbQAAAQAB',
)
[ info ] [ SESSION ] INIT array (
  'id' => '',
  'var_session_id' => '',
  'prefix' => 'think',
  'type' => '',
  'auto_start' => true,
)
[ info ] [ LOG ] INIT File
---------------------------------------------------------------
[ 2022-07-17T03:22:40+08:00 ] 47.243.233.244 GET 114.116.100.177/admin/login/index.html
[运行时间：0.024636s] [吞吐率：40.59req/s] [内存消耗：2,857.66kb] [文件加载：74]
[ info ] [ BEHAVIOR ] Run Closure @app_init [ RunTime:0.000017s ]
[ info ] [ LANG ] /www/wwwroot/ywscs.com/thinkphp/lang/zh-cn.php
[ info ] [ ROUTE ] array (
  'type' => 'module',
  'module' => 
  array (
    0 => 'admin',
    1 => 'login',
    2 => 'index',
  ),
)
[ info ] [ HEADER ] array (
  'accept-encoding' => 'gzip',
  'referer' => 'https://114.116.100.177/?dns=q80BAAABAAAAAAAAA3d3dwdleGFtcGxlA2NvbQAAAQAB',
  'content-type' => 'application/dns-message',
  'user-agent' => 'Go-http-client/1.1',
  'host' => '114.116.100.177',
  'content-length' => '',
)
[ info ] [ PARAM ] array (
)
[ info ] [ CACHE ] INIT File
[ info ] [ BEHAVIOR ] Run Closure @action_begin [ RunTime:0.000805s ]
[ info ] [ RUN ] app\admin\controller\Login->index[ /www/wwwroot/ywscs.com/application/admin/controller/Login.php ]
[ info ] [ DB ] INIT mysql
[ info ] [ VIEW ] /www/wwwroot/ywscs.com/public/../application/admin/view/login/index.html [ array (
  0 => 'webconfig',
) ]
[ info ] [ LOG ] INIT File
[ sql ] [ DB ] CONNECT:[ UseTime:0.000208s ] mysql:host=localhost;port=3306;dbname=ywscs_com;charset=utf8
[ sql ] [ SQL ] SHOW COLUMNS FROM `sp_config` [ RunTime:0.000573s ]
[ sql ] [ SQL ] SELECT `ename`,`value` FROM `sp_config` WHERE  `ca_id` IN (1,2,4,5,10,15) [ RunTime:0.000213s ]
---------------------------------------------------------------
[ 2022-07-17T03:22:40+08:00 ] 47.243.233.244 POST 114.116.100.177/
[运行时间：0.017030s] [吞吐率：58.72req/s] [内存消耗：2,066.64kb] [文件加载：67]
[ info ] [ BEHAVIOR ] Run Closure @app_init [ RunTime:0.000018s ]
[ info ] [ LANG ] /www/wwwroot/ywscs.com/thinkphp/lang/zh-cn.php
[ info ] [ ROUTE ] array (
  'type' => 'module',
  'module' => 
  array (
    0 => '',
    1 => NULL,
    2 => NULL,
  ),
)
[ info ] [ HEADER ] array (
  'accept-encoding' => 'gzip',
  'content-type' => 'application/dns-message',
  'content-length' => '29',
  'user-agent' => 'Go-http-client/1.1',
  'host' => '114.116.100.177',
)
[ info ] [ PARAM ] array (
)
[ info ] [ SESSION ] INIT array (
  'id' => '',
  'var_session_id' => '',
  'prefix' => 'think',
  'type' => '',
  'auto_start' => true,
)
[ info ] [ LOG ] INIT File
---------------------------------------------------------------
[ 2022-07-17T03:22:41+08:00 ] 47.243.233.244 GET 114.116.100.177/admin/login/index.html
[运行时间：0.023808s] [吞吐率：42.00req/s] [内存消耗：2,857.48kb] [文件加载：74]
[ info ] [ BEHAVIOR ] Run Closure @app_init [ RunTime:0.000017s ]
[ info ] [ LANG ] /www/wwwroot/ywscs.com/thinkphp/lang/zh-cn.php
[ info ] [ ROUTE ] array (
  'type' => 'module',
  'module' => 
  array (
    0 => 'admin',
    1 => 'login',
    2 => 'index',
  ),
)
[ info ] [ HEADER ] array (
  'accept-encoding' => 'gzip',
  'referer' => 'https://114.116.100.177/',
  'content-type' => 'application/dns-message',
  'user-agent' => 'Go-http-client/1.1',
  'host' => '114.116.100.177',
  'content-length' => '',
)
[ info ] [ PARAM ] array (
)
[ info ] [ CACHE ] INIT File
[ info ] [ BEHAVIOR ] Run Closure @action_begin [ RunTime:0.000803s ]
[ info ] [ RUN ] app\admin\controller\Login->index[ /www/wwwroot/ywscs.com/application/admin/controller/Login.php ]
[ info ] [ DB ] INIT mysql
[ info ] [ VIEW ] /www/wwwroot/ywscs.com/public/../application/admin/view/login/index.html [ array (
  0 => 'webconfig',
) ]
[ info ] [ LOG ] INIT File
[ sql ] [ DB ] CONNECT:[ UseTime:0.000201s ] mysql:host=localhost;port=3306;dbname=ywscs_com;charset=utf8
[ sql ] [ SQL ] SHOW COLUMNS FROM `sp_config` [ RunTime:0.000584s ]
[ sql ] [ SQL ] SELECT `ename`,`value` FROM `sp_config` WHERE  `ca_id` IN (1,2,4,5,10,15) [ RunTime:0.000210s ]
---------------------------------------------------------------
[ 2022-07-17T03:22:41+08:00 ] 47.243.233.244 POST 114.116.100.177/
[运行时间：0.017472s] [吞吐率：57.23req/s] [内存消耗：2,066.64kb] [文件加载：67]
[ info ] [ BEHAVIOR ] Run Closure @app_init [ RunTime:0.000017s ]
[ info ] [ LANG ] /www/wwwroot/ywscs.com/thinkphp/lang/zh-cn.php
[ info ] [ ROUTE ] array (
  'type' => 'module',
  'module' => 
  array (
    0 => '',
    1 => NULL,
    2 => NULL,
  ),
)
[ info ] [ HEADER ] array (
  'accept-encoding' => 'gzip',
  'content-type' => 'application/dns-message',
  'content-length' => '29',
  'user-agent' => 'Go-http-client/1.1',
  'host' => '114.116.100.177',
)
[ info ] [ PARAM ] array (
)
[ info ] [ SESSION ] INIT array (
  'id' => '',
  'var_session_id' => '',
  'prefix' => 'think',
  'type' => '',
  'auto_start' => true,
)
[ info ] [ LOG ] INIT File
---------------------------------------------------------------
[ 2022-07-17T03:22:41+08:00 ] 47.243.233.244 GET 114.116.100.177/admin/login/index.html
[运行时间：0.024709s] [吞吐率：40.47req/s] [内存消耗：2,857.48kb] [文件加载：74]
[ info ] [ BEHAVIOR ] Run Closure @app_init [ RunTime:0.000017s ]
[ info ] [ LANG ] /www/wwwroot/ywscs.com/thinkphp/lang/zh-cn.php
[ info ] [ ROUTE ] array (
  'type' => 'module',
  'module' => 
  array (
    0 => 'admin',
    1 => 'login',
    2 => 'index',
  ),
)
[ info ] [ HEADER ] array (
  'accept-encoding' => 'gzip',
  'referer' => 'https://114.116.100.177/',
  'content-type' => 'application/dns-message',
  'user-agent' => 'Go-http-client/1.1',
  'host' => '114.116.100.177',
  'content-length' => '',
)
[ info ] [ PARAM ] array (
)
[ info ] [ CACHE ] INIT File
[ info ] [ BEHAVIOR ] Run Closure @action_begin [ RunTime:0.000814s ]
[ info ] [ RUN ] app\admin\controller\Login->index[ /www/wwwroot/ywscs.com/application/admin/controller/Login.php ]
[ info ] [ DB ] INIT mysql
[ info ] [ VIEW ] /www/wwwroot/ywscs.com/public/../application/admin/view/login/index.html [ array (
  0 => 'webconfig',
) ]
[ info ] [ LOG ] INIT File
[ sql ] [ DB ] CONNECT:[ UseTime:0.000254s ] mysql:host=localhost;port=3306;dbname=ywscs_com;charset=utf8
[ sql ] [ SQL ] SHOW COLUMNS FROM `sp_config` [ RunTime:0.000759s ]
[ sql ] [ SQL ] SELECT `ename`,`value` FROM `sp_config` WHERE  `ca_id` IN (1,2,4,5,10,15) [ RunTime:0.000266s ]
---------------------------------------------------------------
[ 2022-07-17T04:25:59+08:00 ] 64.225.72.103 POST 114.116.100.177/web_shell_cmd.gch
[运行时间：0.014843s] [吞吐率：67.37req/s] [内存消耗：1,699.86kb] [文件加载：58]
[ info ] [ BEHAVIOR ] Run Closure @app_init [ RunTime:0.000017s ]
[ info ] [ LANG ] /www/wwwroot/ywscs.com/thinkphp/lang/zh-cn.php
[ info ] [ ROUTE ] array (
  'type' => 'module',
  'module' => 
  array (
    0 => 'web_shell_cmd.gch',
    1 => NULL,
    2 => NULL,
  ),
)
[ info ] [ HEADER ] array (
  'content-type' => 'text/plain',
  'content-length' => '126',
  'user-agent' => 'Go-http-client/1.1',
  'host' => '114.116.100.177',
)
[ info ] [ PARAM ] array (
)
[ info ] [ LOG ] INIT File
---------------------------------------------------------------
[ 2022-07-17T04:25:59+08:00 ] 64.225.72.103 POST 114.116.100.177/web_shell_cmd.gch
[运行时间：0.015105s] [吞吐率：66.20req/s] [内存消耗：1,699.89kb] [文件加载：58]
[ info ] [ BEHAVIOR ] Run Closure @app_init [ RunTime:0.000016s ]
[ info ] [ LANG ] /www/wwwroot/ywscs.com/thinkphp/lang/zh-cn.php
[ info ] [ ROUTE ] array (
  'type' => 'module',
  'module' => 
  array (
    0 => 'web_shell_cmd.gch',
    1 => NULL,
    2 => NULL,
  ),
)
[ info ] [ HEADER ] array (
  'content-type' => 'text/plain',
  'content-length' => '157',
  'user-agent' => 'Go-http-client/1.1',
  'host' => '114.116.100.177',
)
[ info ] [ PARAM ] array (
)
[ info ] [ LOG ] INIT File
---------------------------------------------------------------
[ 2022-07-17T04:26:00+08:00 ] 64.225.72.103 POST 114.116.100.177/web_shell_cmd.gch
[运行时间：0.023039s] [吞吐率：43.40req/s] [内存消耗：1,699.86kb] [文件加载：58]
[ info ] [ BEHAVIOR ] Run Closure @app_init [ RunTime:0.000022s ]
[ info ] [ LANG ] /www/wwwroot/ywscs.com/thinkphp/lang/zh-cn.php
[ info ] [ ROUTE ] array (
  'type' => 'module',
  'module' => 
  array (
    0 => 'web_shell_cmd.gch',
    1 => NULL,
    2 => NULL,
  ),
)
[ info ] [ HEADER ] array (
  'content-type' => 'text/plain',
  'content-length' => '110',
  'user-agent' => 'Go-http-client/1.1',
  'host' => '114.116.100.177',
)
[ info ] [ PARAM ] array (
)
[ info ] [ LOG ] INIT File
---------------------------------------------------------------
[ 2022-07-17T08:59:30+08:00 ] 211.95.50.8 GET ywscs.com/
[运行时间：0.018703s] [吞吐率：53.47req/s] [内存消耗：2,050.95kb] [文件加载：66]
[ info ] [ BEHAVIOR ] Run Closure @app_init [ RunTime:0.000019s ]
[ info ] [ ROUTE ] array (
  'type' => 'module',
  'module' => 
  array (
    0 => '',
    1 => NULL,
    2 => NULL,
  ),
)
[ info ] [ HEADER ] array (
  'accept-encoding' => 'gzip',
  'upgrade-insecure-requests' => '1',
  'sec-gpc' => '1',
  'dnt' => '1',
  'connection' => 'keep-alive',
  'cache-control' => 'max-age=0',
  'accept-language' => 'en;q=0.9',
  'accept' => 'text/html,application/xhtml+xml,application/xml;q=0.9,image/avif,image/webp,image/apng,*/*;q=0.8,application/signed-exchange;v=b3;q=0.9',
  'user-agent' => 'Mozilla/5.0 (Macintosh; Intel Mac OS X 10_15_7) AppleWebKit/537.36 (KHTML, like Gecko) Chrome/96.0.4664.110 Safari/537.36',
  'host' => 'ywscs.com',
  'content-type' => '',
  'content-length' => '',
)
[ info ] [ PARAM ] array (
)
[ info ] [ SESSION ] INIT array (
  'id' => '',
  'var_session_id' => '',
  'prefix' => 'think',
  'type' => '',
  'auto_start' => true,
)
[ info ] [ LOG ] INIT File
---------------------------------------------------------------
[ 2022-07-17T08:59:30+08:00 ] 211.95.50.8 GET ywscs.com/admin/login/index.html
[运行时间：0.024072s] [吞吐率：41.54req/s] [内存消耗：2,843.71kb] [文件加载：73]
[ info ] [ BEHAVIOR ] Run Closure @app_init [ RunTime:0.000018s ]
[ info ] [ ROUTE ] array (
  'type' => 'module',
  'module' => 
  array (
    0 => 'admin',
    1 => 'login',
    2 => 'index',
  ),
)
[ info ] [ HEADER ] array (
  'accept-encoding' => 'gzip',
  'upgrade-insecure-requests' => '1',
  'sec-gpc' => '1',
  'referer' => 'http://ywscs.com',
  'dnt' => '1',
  'connection' => 'keep-alive',
  'cache-control' => 'max-age=0',
  'accept-language' => 'en;q=0.9',
  'accept' => 'text/html,application/xhtml+xml,application/xml;q=0.9,image/avif,image/webp,image/apng,*/*;q=0.8,application/signed-exchange;v=b3;q=0.9',
  'user-agent' => 'Mozilla/5.0 (Macintosh; Intel Mac OS X 10_15_7) AppleWebKit/537.36 (KHTML, like Gecko) Chrome/96.0.4664.110 Safari/537.36',
  'host' => 'ywscs.com',
  'content-type' => '',
  'content-length' => '',
)
[ info ] [ PARAM ] array (
)
[ info ] [ CACHE ] INIT File
[ info ] [ BEHAVIOR ] Run Closure @action_begin [ RunTime:0.000815s ]
[ info ] [ RUN ] app\admin\controller\Login->index[ /www/wwwroot/ywscs.com/application/admin/controller/Login.php ]
[ info ] [ DB ] INIT mysql
[ info ] [ VIEW ] /www/wwwroot/ywscs.com/public/../application/admin/view/login/index.html [ array (
  0 => 'webconfig',
) ]
[ info ] [ LOG ] INIT File
[ sql ] [ DB ] CONNECT:[ UseTime:0.000242s ] mysql:host=localhost;port=3306;dbname=ywscs_com;charset=utf8
[ sql ] [ SQL ] SHOW COLUMNS FROM `sp_config` [ RunTime:0.000583s ]
[ sql ] [ SQL ] SELECT `ename`,`value` FROM `sp_config` WHERE  `ca_id` IN (1,2,4,5,10,15) [ RunTime:0.000204s ]
---------------------------------------------------------------
[ 2022-07-17T08:59:30+08:00 ] 211.95.50.8 GET ywscs.com/
[运行时间：0.016904s] [吞吐率：59.16req/s] [内存消耗：2,048.25kb] [文件加载：66]
[ info ] [ BEHAVIOR ] Run Closure @app_init [ RunTime:0.000017s ]
[ info ] [ ROUTE ] array (
  'type' => 'module',
  'module' => 
  array (
    0 => '',
    1 => NULL,
    2 => NULL,
  ),
)
[ info ] [ HEADER ] array (
  'accept-encoding' => 'gzip',
  'upgrade-insecure-requests' => '1',
  'accept-language' => 'en',
  'accept' => 'text/html,application/xhtml+xml,application/xml;q=0.9,image/avif,image/webp,image/apng,*/*;q=0.8,application/signed-exchange;v=b3;q=0.9',
  'user-agent' => 'Mozilla/5.0 (Macintosh; Intel Mac OS X 11_0_0) AppleWebKit/537.36 (KHTML, like Gecko) Chrome/87.0.4280.88 Safari/537.36',
  'host' => 'ywscs.com',
  'content-type' => '',
  'content-length' => '',
)
[ info ] [ PARAM ] array (
)
[ info ] [ SESSION ] INIT array (
  'id' => '',
  'var_session_id' => '',
  'prefix' => 'think',
  'type' => '',
  'auto_start' => true,
)
[ info ] [ LOG ] INIT File
---------------------------------------------------------------
[ 2022-07-17T08:59:30+08:00 ] 211.95.50.8 GET ywscs.com/admin/login/index.html
[运行时间：0.025317s] [吞吐率：39.50req/s] [内存消耗：2,841.23kb] [文件加载：73]
[ info ] [ BEHAVIOR ] Run Closure @app_init [ RunTime:0.000019s ]
[ info ] [ ROUTE ] array (
  'type' => 'module',
  'module' => 
  array (
    0 => 'admin',
    1 => 'login',
    2 => 'index',
  ),
)
[ info ] [ HEADER ] array (
  'accept-encoding' => 'gzip',
  'upgrade-insecure-requests' => '1',
  'cookie' => 'PHPSESSID=35vef549k9rugnq56e9s1iltfs',
  'accept-language' => 'en',
  'accept' => 'text/html,application/xhtml+xml,application/xml;q=0.9,image/avif,image/webp,image/apng,*/*;q=0.8,application/signed-exchange;v=b3;q=0.9',
  'user-agent' => 'Mozilla/5.0 (Macintosh; Intel Mac OS X 11_0_0) AppleWebKit/537.36 (KHTML, like Gecko) Chrome/87.0.4280.88 Safari/537.36',
  'host' => 'ywscs.com',
  'content-type' => '',
  'content-length' => '',
)
[ info ] [ PARAM ] array (
)
[ info ] [ CACHE ] INIT File
[ info ] [ BEHAVIOR ] Run Closure @action_begin [ RunTime:0.000868s ]
[ info ] [ RUN ] app\admin\controller\Login->index[ /www/wwwroot/ywscs.com/application/admin/controller/Login.php ]
[ info ] [ DB ] INIT mysql
[ info ] [ VIEW ] /www/wwwroot/ywscs.com/public/../application/admin/view/login/index.html [ array (
  0 => 'webconfig',
) ]
[ info ] [ LOG ] INIT File
[ sql ] [ DB ] CONNECT:[ UseTime:0.000194s ] mysql:host=localhost;port=3306;dbname=ywscs_com;charset=utf8
[ sql ] [ SQL ] SHOW COLUMNS FROM `sp_config` [ RunTime:0.000589s ]
[ sql ] [ SQL ] SELECT `ename`,`value` FROM `sp_config` WHERE  `ca_id` IN (1,2,4,5,10,15) [ RunTime:0.000203s ]
---------------------------------------------------------------
[ 2022-07-17T08:59:35+08:00 ] 211.95.50.8 GET ywscs.com/favicon.ico
[运行时间：0.015844s] [吞吐率：63.12req/s] [内存消耗：1,685.32kb] [文件加载：57]
[ info ] [ BEHAVIOR ] Run Closure @app_init [ RunTime:0.000017s ]
[ info ] [ ROUTE ] array (
  'type' => 'module',
  'module' => 
  array (
    0 => 'favicon.ico',
    1 => NULL,
    2 => NULL,
  ),
)
[ info ] [ HEADER ] array (
  'accept-encoding' => 'gzip',
  'upgrade-insecure-requests' => '1',
  'sec-gpc' => '1',
  'dnt' => '1',
  'connection' => 'keep-alive',
  'cache-control' => 'max-age=0',
  'accept-language' => 'en;q=0.9',
  'accept' => 'text/html,application/xhtml+xml,application/xml;q=0.9,image/avif,image/webp,image/apng,*/*;q=0.8,application/signed-exchange;v=b3;q=0.9',
  'user-agent' => 'Mozilla/5.0 (Macintosh; Intel Mac OS X 10_15_7) AppleWebKit/537.36 (KHTML, like Gecko) Chrome/96.0.4664.110 Safari/537.36',
  'host' => 'ywscs.com',
  'content-type' => '',
  'content-length' => '',
)
[ info ] [ PARAM ] array (
)
[ info ] [ LOG ] INIT File
---------------------------------------------------------------
[ 2022-07-17T10:09:49+08:00 ] 192.241.220.107 GET 114.116.100.177/owa/auth/logon.aspx?url=https%3a%2f%2f1%2fecp%2f
[运行时间：0.016297s] [吞吐率：61.36req/s] [内存消耗：1,701.23kb] [文件加载：58]
[ info ] [ BEHAVIOR ] Run Closure @app_init [ RunTime:0.000018s ]
[ info ] [ LANG ] /www/wwwroot/ywscs.com/thinkphp/lang/zh-cn.php
[ info ] [ ROUTE ] array (
  'type' => 'module',
  'module' => 
  array (
    0 => 'owa',
    1 => 'auth',
    2 => 'logon.aspx',
  ),
)
[ info ] [ HEADER ] array (
  'accept-encoding' => 'gzip',
  'accept' => '*/*',
  'user-agent' => 'Mozilla/5.0 zgrab/0.x',
  'host' => '114.116.100.177',
  'content-type' => '',
  'content-length' => '',
)
[ info ] [ PARAM ] array (
  'url' => 'https://1/ecp/',
)
[ info ] [ LOG ] INIT File
---------------------------------------------------------------
[ 2022-07-17T10:50:40+08:00 ] 192.241.219.84 GET 114.116.100.177/
[运行时间：0.017130s] [吞吐率：58.38req/s] [内存消耗：2,067.19kb] [文件加载：67]
[ info ] [ BEHAVIOR ] Run Closure @app_init [ RunTime:0.000017s ]
[ info ] [ LANG ] /www/wwwroot/ywscs.com/thinkphp/lang/zh-cn.php
[ info ] [ ROUTE ] array (
  'type' => 'module',
  'module' => 
  array (
    0 => '',
    1 => NULL,
    2 => NULL,
  ),
)
[ info ] [ HEADER ] array (
  'accept-encoding' => 'gzip',
  'accept' => '*/*',
  'user-agent' => 'Mozilla/5.0 zgrab/0.x',
  'host' => '114.116.100.177',
  'content-type' => '',
  'content-length' => '',
)
[ info ] [ PARAM ] array (
)
[ info ] [ SESSION ] INIT array (
  'id' => '',
  'var_session_id' => '',
  'prefix' => 'think',
  'type' => '',
  'auto_start' => true,
)
[ info ] [ LOG ] INIT File
---------------------------------------------------------------
[ 2022-07-17T11:10:30+08:00 ] 167.94.138.46 GET 114.116.100.177:443/
[运行时间：0.018101s] [吞吐率：55.25req/s] [内存消耗：2,066.34kb] [文件加载：67]
[ info ] [ BEHAVIOR ] Run Closure @app_init [ RunTime:0.000018s ]
[ info ] [ LANG ] /www/wwwroot/ywscs.com/thinkphp/lang/zh-cn.php
[ info ] [ ROUTE ] array (
  'type' => 'module',
  'module' => 
  array (
    0 => '',
    1 => NULL,
    2 => NULL,
  ),
)
[ info ] [ HEADER ] array (
  'host' => '114.116.100.177:443',
  'content-type' => '',
  'content-length' => '',
)
[ info ] [ PARAM ] array (
)
[ info ] [ SESSION ] INIT array (
  'id' => '',
  'var_session_id' => '',
  'prefix' => 'think',
  'type' => '',
  'auto_start' => true,
)
[ info ] [ LOG ] INIT File
---------------------------------------------------------------
[ 2022-07-17T11:10:32+08:00 ] 167.94.138.46 GET 114.116.100.177/
[运行时间：0.016831s] [吞吐率：59.41req/s] [内存消耗：2,067.44kb] [文件加载：67]
[ info ] [ BEHAVIOR ] Run Closure @app_init [ RunTime:0.000016s ]
[ info ] [ LANG ] /www/wwwroot/ywscs.com/thinkphp/lang/zh-cn.php
[ info ] [ ROUTE ] array (
  'type' => 'module',
  'module' => 
  array (
    0 => '',
    1 => NULL,
    2 => NULL,
  ),
)
[ info ] [ HEADER ] array (
  'accept-encoding' => 'gzip',
  'accept' => '*/*',
  'user-agent' => 'Mozilla/5.0 (compatible; CensysInspect/1.1; +https://about.censys.io/)',
  'host' => '114.116.100.177',
  'content-type' => '',
  'content-length' => '',
)
[ info ] [ PARAM ] array (
)
[ info ] [ SESSION ] INIT array (
  'id' => '',
  'var_session_id' => '',
  'prefix' => 'think',
  'type' => '',
  'auto_start' => true,
)
[ info ] [ LOG ] INIT File
---------------------------------------------------------------
[ 2022-07-17T11:10:33+08:00 ] 167.94.138.46 GET 114.116.100.177/admin/login/index.html
[运行时间：0.024691s] [吞吐率：40.50req/s] [内存消耗：2,857.24kb] [文件加载：74]
[ info ] [ BEHAVIOR ] Run Closure @app_init [ RunTime:0.000031s ]
[ info ] [ LANG ] /www/wwwroot/ywscs.com/thinkphp/lang/zh-cn.php
[ info ] [ ROUTE ] array (
  'type' => 'module',
  'module' => 
  array (
    0 => 'admin',
    1 => 'login',
    2 => 'index',
  ),
)
[ info ] [ HEADER ] array (
  'accept-encoding' => 'gzip',
  'accept' => '*/*',
  'user-agent' => 'Mozilla/5.0 (compatible; CensysInspect/1.1; +https://about.censys.io/)',
  'host' => '114.116.100.177',
  'content-type' => '',
  'content-length' => '',
)
[ info ] [ PARAM ] array (
)
[ info ] [ CACHE ] INIT File
[ info ] [ BEHAVIOR ] Run Closure @action_begin [ RunTime:0.000807s ]
[ info ] [ RUN ] app\admin\controller\Login->index[ /www/wwwroot/ywscs.com/application/admin/controller/Login.php ]
[ info ] [ DB ] INIT mysql
[ info ] [ VIEW ] /www/wwwroot/ywscs.com/public/../application/admin/view/login/index.html [ array (
  0 => 'webconfig',
) ]
[ info ] [ LOG ] INIT File
[ sql ] [ DB ] CONNECT:[ UseTime:0.000236s ] mysql:host=localhost;port=3306;dbname=ywscs_com;charset=utf8
[ sql ] [ SQL ] SHOW COLUMNS FROM `sp_config` [ RunTime:0.000691s ]
[ sql ] [ SQL ] SELECT `ename`,`value` FROM `sp_config` WHERE  `ca_id` IN (1,2,4,5,10,15) [ RunTime:0.000219s ]
---------------------------------------------------------------
[ 2022-07-17T13:11:18+08:00 ] 74.82.47.4 GET 114.116.100.177/
[运行时间：0.017169s] [吞吐率：58.24req/s] [内存消耗：2,066.30kb] [文件加载：67]
[ info ] [ BEHAVIOR ] Run Closure @app_init [ RunTime:0.000018s ]
[ info ] [ LANG ] /www/wwwroot/ywscs.com/thinkphp/lang/zh-cn.php
[ info ] [ ROUTE ] array (
  'type' => 'module',
  'module' => 
  array (
    0 => '',
    1 => NULL,
    2 => NULL,
  ),
)
[ info ] [ HEADER ] array (
  'host' => '114.116.100.177',
  'content-type' => '',
  'content-length' => '',
)
[ info ] [ PARAM ] array (
)
[ info ] [ SESSION ] INIT array (
  'id' => '',
  'var_session_id' => '',
  'prefix' => 'think',
  'type' => '',
  'auto_start' => true,
)
[ info ] [ LOG ] INIT File
---------------------------------------------------------------
[ 2022-07-17T13:21:08+08:00 ] 74.82.47.12 GET 114.116.100.177/favicon.ico
[运行时间：0.015323s] [吞吐率：65.26req/s] [内存消耗：1,700.55kb] [文件加载：58]
[ info ] [ BEHAVIOR ] Run Closure @app_init [ RunTime:0.000018s ]
[ info ] [ LANG ] /www/wwwroot/ywscs.com/thinkphp/lang/zh-cn.php
[ info ] [ ROUTE ] array (
  'type' => 'module',
  'module' => 
  array (
    0 => 'favicon.ico',
    1 => NULL,
    2 => NULL,
  ),
)
[ info ] [ HEADER ] array (
  'accept-encoding' => 'gzip',
  'accept' => '*/*',
  'user-agent' => 'Mozilla/5.0 zgrab/0.x',
  'host' => '114.116.100.177',
  'content-type' => '',
  'content-length' => '',
)
[ info ] [ PARAM ] array (
)
[ info ] [ LOG ] INIT File
---------------------------------------------------------------
[ 2022-07-17T13:24:55+08:00 ] 74.82.47.60 GET 114.116.100.177/
[运行时间：0.017197s] [吞吐率：58.15req/s] [内存消耗：2,067.19kb] [文件加载：67]
[ info ] [ BEHAVIOR ] Run Closure @app_init [ RunTime:0.000017s ]
[ info ] [ LANG ] /www/wwwroot/ywscs.com/thinkphp/lang/zh-cn.php
[ info ] [ ROUTE ] array (
  'type' => 'module',
  'module' => 
  array (
    0 => '',
    1 => NULL,
    2 => NULL,
  ),
)
[ info ] [ HEADER ] array (
  'accept-encoding' => 'gzip',
  'accept' => '*/*',
  'user-agent' => 'Mozilla/5.0 zgrab/0.x',
  'host' => '114.116.100.177',
  'content-type' => '',
  'content-length' => '',
)
[ info ] [ PARAM ] array (
)
[ info ] [ SESSION ] INIT array (
  'id' => '',
  'var_session_id' => '',
  'prefix' => 'think',
  'type' => '',
  'auto_start' => true,
)
[ info ] [ LOG ] INIT File
---------------------------------------------------------------
[ 2022-07-17T13:24:56+08:00 ] 74.82.47.60 GET 114.116.100.177/admin/login/index.html
[运行时间：0.024169s] [吞吐率：41.38req/s] [内存消耗：2,857.37kb] [文件加载：74]
[ info ] [ BEHAVIOR ] Run Closure @app_init [ RunTime:0.000032s ]
[ info ] [ LANG ] /www/wwwroot/ywscs.com/thinkphp/lang/zh-cn.php
[ info ] [ ROUTE ] array (
  'type' => 'module',
  'module' => 
  array (
    0 => 'admin',
    1 => 'login',
    2 => 'index',
  ),
)
[ info ] [ HEADER ] array (
  'accept-encoding' => 'gzip',
  'referer' => 'https://114.116.100.177/',
  'accept' => '*/*',
  'user-agent' => 'Mozilla/5.0 zgrab/0.x',
  'host' => '114.116.100.177',
  'content-type' => '',
  'content-length' => '',
)
[ info ] [ PARAM ] array (
)
[ info ] [ CACHE ] INIT File
[ info ] [ BEHAVIOR ] Run Closure @action_begin [ RunTime:0.000787s ]
[ info ] [ RUN ] app\admin\controller\Login->index[ /www/wwwroot/ywscs.com/application/admin/controller/Login.php ]
[ info ] [ DB ] INIT mysql
[ info ] [ VIEW ] /www/wwwroot/ywscs.com/public/../application/admin/view/login/index.html [ array (
  0 => 'webconfig',
) ]
[ info ] [ LOG ] INIT File
[ sql ] [ DB ] CONNECT:[ UseTime:0.000210s ] mysql:host=localhost;port=3306;dbname=ywscs_com;charset=utf8
[ sql ] [ SQL ] SHOW COLUMNS FROM `sp_config` [ RunTime:0.000569s ]
[ sql ] [ SQL ] SELECT `ename`,`value` FROM `sp_config` WHERE  `ca_id` IN (1,2,4,5,10,15) [ RunTime:0.000203s ]
---------------------------------------------------------------
[ 2022-07-17T14:44:06+08:00 ] 34.78.6.216 GET 114.116.100.177/
[运行时间：0.018278s] [吞吐率：54.71req/s] [内存消耗：2,070.22kb] [文件加载：67]
[ info ] [ BEHAVIOR ] Run Closure @app_init [ RunTime:0.000017s ]
[ info ] [ LANG ] /www/wwwroot/ywscs.com/thinkphp/lang/zh-cn.php
[ info ] [ ROUTE ] array (
  'type' => 'module',
  'module' => 
  array (
    0 => '',
    1 => NULL,
    2 => NULL,
  ),
)
[ info ] [ HEADER ] array (
  'x-datadog-sampling-priority' => '0',
  'x-datadog-parent-id' => '12993232940351462740',
  'x-datadog-trace-id' => '162893987370130124',
  'connection' => 'keep-alive',
  'accept' => '*/*',
  'accept-encoding' => 'gzip, deflate',
  'user-agent' => 'python-requests/2.28.1',
  'host' => '114.116.100.177',
  'content-type' => '',
  'content-length' => '',
)
[ info ] [ PARAM ] array (
)
[ info ] [ SESSION ] INIT array (
  'id' => '',
  'var_session_id' => '',
  'prefix' => 'think',
  'type' => '',
  'auto_start' => true,
)
[ info ] [ LOG ] INIT File
---------------------------------------------------------------
[ 2022-07-17T15:30:37+08:00 ] 213.32.122.82 GET 114.116.100.177/
[运行时间：0.018517s] [吞吐率：54.00req/s] [内存消耗：2,067.31kb] [文件加载：67]
[ info ] [ BEHAVIOR ] Run Closure @app_init [ RunTime:0.000018s ]
[ info ] [ LANG ] /www/wwwroot/ywscs.com/thinkphp/lang/zh-cn.php
[ info ] [ ROUTE ] array (
  'type' => 'module',
  'module' => 
  array (
    0 => '',
    1 => NULL,
    2 => NULL,
  ),
)
[ info ] [ HEADER ] array (
  'user-agent' => 'Mozilla/5.0 (Windows NT 6.1) AppleWebKit/537.36 (KHTML, like Gecko) Chrome/41.0.2228.0 Safari/537.36',
  'connection' => 'close',
  'host' => '114.116.100.177',
  'content-type' => '',
  'content-length' => '',
)
[ info ] [ PARAM ] array (
)
[ info ] [ SESSION ] INIT array (
  'id' => '',
  'var_session_id' => '',
  'prefix' => 'think',
  'type' => '',
  'auto_start' => true,
)
[ info ] [ LOG ] INIT File
---------------------------------------------------------------
[ 2022-07-17T18:58:53+08:00 ] 205.210.31.6 GET ywscs.com/
[运行时间：0.016977s] [吞吐率：58.90req/s] [内存消耗：2,067.76kb] [文件加载：67]
[ info ] [ BEHAVIOR ] Run Closure @app_init [ RunTime:0.000015s ]
[ info ] [ LANG ] /www/wwwroot/ywscs.com/thinkphp/lang/zh-cn.php
[ info ] [ ROUTE ] array (
  'type' => 'module',
  'module' => 
  array (
    0 => '',
    1 => NULL,
    2 => NULL,
  ),
)
[ info ] [ HEADER ] array (
  'user-agent' => 'Expanse, a Palo Alto Networks company, searches across the global IPv4 space multiple times per day to identify customers&#39; presences on the Internet. If you would like to be excluded from our scans, please send IP addresses/domains to: scaninfo@paloaltonetworks.com',
  'host' => 'ywscs.com',
  'content-type' => '',
  'content-length' => '',
)
[ info ] [ PARAM ] array (
)
[ info ] [ SESSION ] INIT array (
  'id' => '',
  'var_session_id' => '',
  'prefix' => 'think',
  'type' => '',
  'auto_start' => true,
)
[ info ] [ LOG ] INIT File
---------------------------------------------------------------
[ 2022-07-17T21:42:50+08:00 ] 192.241.213.212 GET 114.116.100.177/version
[运行时间：0.016161s] [吞吐率：61.88req/s] [内存消耗：1,700.55kb] [文件加载：58]
[ info ] [ BEHAVIOR ] Run Closure @app_init [ RunTime:0.000024s ]
[ info ] [ LANG ] /www/wwwroot/ywscs.com/thinkphp/lang/zh-cn.php
[ info ] [ ROUTE ] array (
  'type' => 'module',
  'module' => 
  array (
    0 => 'version',
    1 => NULL,
    2 => NULL,
  ),
)
[ info ] [ HEADER ] array (
  'accept-encoding' => 'gzip',
  'accept' => '*/*',
  'user-agent' => 'Mozilla/5.0 zgrab/0.x',
  'host' => '114.116.100.177',
  'content-type' => '',
  'content-length' => '',
)
[ info ] [ PARAM ] array (
)
[ info ] [ LOG ] INIT File
---------------------------------------------------------------
[ 2022-07-17T22:40:39+08:00 ] 192.241.221.222 GET 114.116.100.177/ecp/Current/exporttool/microsoft.exchange.ediscovery.exporttool.application
[运行时间：0.015057s] [吞吐率：66.41req/s] [内存消耗：1,701.04kb] [文件加载：58]
[ info ] [ BEHAVIOR ] Run Closure @app_init [ RunTime:0.000019s ]
[ info ] [ LANG ] /www/wwwroot/ywscs.com/thinkphp/lang/zh-cn.php
[ info ] [ ROUTE ] array (
  'type' => 'module',
  'module' => 
  array (
    0 => 'ecp',
    1 => 'Current',
    2 => 'exporttool',
  ),
)
[ info ] [ HEADER ] array (
  'accept-encoding' => 'gzip',
  'accept' => '*/*',
  'user-agent' => 'Mozilla/5.0 zgrab/0.x',
  'host' => '114.116.100.177',
  'content-type' => '',
  'content-length' => '',
)
[ info ] [ PARAM ] array (
)
[ info ] [ LOG ] INIT File
---------------------------------------------------------------
[ 2022-07-17T22:42:17+08:00 ] 192.241.212.218 GET 114.116.100.177/owa/auth/logon.aspx
[运行时间：0.014956s] [吞吐率：66.86req/s] [内存消耗：1,700.73kb] [文件加载：58]
[ info ] [ BEHAVIOR ] Run Closure @app_init [ RunTime:0.000016s ]
[ info ] [ LANG ] /www/wwwroot/ywscs.com/thinkphp/lang/zh-cn.php
[ info ] [ ROUTE ] array (
  'type' => 'module',
  'module' => 
  array (
    0 => 'owa',
    1 => 'auth',
    2 => 'logon.aspx',
  ),
)
[ info ] [ HEADER ] array (
  'accept-encoding' => 'gzip',
  'accept' => '*/*',
  'user-agent' => 'Mozilla/5.0 zgrab/0.x',
  'host' => '114.116.100.177',
  'content-type' => '',
  'content-length' => '',
)
[ info ] [ PARAM ] array (
)
[ info ] [ LOG ] INIT File
---------------------------------------------------------------
[ 2022-07-17T23:16:28+08:00 ] 91.198.115.10 GET 114.116.100.177/
[运行时间：0.017522s] [吞吐率：57.07req/s] [内存消耗：2,067.42kb] [文件加载：67]
[ info ] [ BEHAVIOR ] Run Closure @app_init [ RunTime:0.000017s ]
[ info ] [ LANG ] /www/wwwroot/ywscs.com/thinkphp/lang/zh-cn.php
[ info ] [ ROUTE ] array (
  'type' => 'module',
  'module' => 
  array (
    0 => '',
    1 => NULL,
    2 => NULL,
  ),
)
[ info ] [ HEADER ] array (
  'connection' => 'keep-alive',
  'accept' => 'text/html, image/gif, image/jpeg, *; q=.2, */*; q=.2',
  'host' => '114.116.100.177',
  'user-agent' => 'Java/1.8.0_312',
  'content-type' => '',
  'content-length' => '',
)
[ info ] [ PARAM ] array (
)
[ info ] [ SESSION ] INIT array (
  'id' => '',
  'var_session_id' => '',
  'prefix' => 'think',
  'type' => '',
  'auto_start' => true,
)
[ info ] [ LOG ] INIT File
---------------------------------------------------------------
[ 2022-07-17T23:16:30+08:00 ] 91.198.115.10 GET 114.116.100.177/admin/login/index.html
[运行时间：0.023813s] [吞吐率：41.99req/s] [内存消耗：2,857.23kb] [文件加载：74]
[ info ] [ BEHAVIOR ] Run Closure @app_init [ RunTime:0.000018s ]
[ info ] [ LANG ] /www/wwwroot/ywscs.com/thinkphp/lang/zh-cn.php
[ info ] [ ROUTE ] array (
  'type' => 'module',
  'module' => 
  array (
    0 => 'admin',
    1 => 'login',
    2 => 'index',
  ),
)
[ info ] [ HEADER ] array (
  'connection' => 'keep-alive',
  'accept' => 'text/html, image/gif, image/jpeg, *; q=.2, */*; q=.2',
  'host' => '114.116.100.177',
  'user-agent' => 'Java/1.8.0_312',
  'content-type' => '',
  'content-length' => '',
)
[ info ] [ PARAM ] array (
)
[ info ] [ CACHE ] INIT File
[ info ] [ BEHAVIOR ] Run Closure @action_begin [ RunTime:0.000782s ]
[ info ] [ RUN ] app\admin\controller\Login->index[ /www/wwwroot/ywscs.com/application/admin/controller/Login.php ]
[ info ] [ DB ] INIT mysql
[ info ] [ VIEW ] /www/wwwroot/ywscs.com/public/../application/admin/view/login/index.html [ array (
  0 => 'webconfig',
) ]
[ info ] [ LOG ] INIT File
[ sql ] [ DB ] CONNECT:[ UseTime:0.000326s ] mysql:host=localhost;port=3306;dbname=ywscs_com;charset=utf8
[ sql ] [ SQL ] SHOW COLUMNS FROM `sp_config` [ RunTime:0.000600s ]
[ sql ] [ SQL ] SELECT `ename`,`value` FROM `sp_config` WHERE  `ca_id` IN (1,2,4,5,10,15) [ RunTime:0.000243s ]
